{"C:\\Users\\tzhovtyy\\Desktop\\chat\\src\\components\\button\\index.ts": {"path":"C:\\Users\\tzhovtyy\\Desktop\\chat\\src\\components\\button\\index.ts","statementMap":{"0":{"start":{"line":1,"column":0},"end":{"line":1,"column":24}},"1":{"start":{"line":2,"column":0},"end":{"line":2,"column":22}},"2":{"start":{"line":3,"column":0},"end":{"line":3,"column":41}},"3":{"start":{"line":8,"column":8},"end":{"line":8,"column":48}},"4":{"start":{"line":9,"column":8},"end":{"line":11,"column":null}},"5":{"start":{"line":10,"column":12},"end":{"line":10,"column":45}},"6":{"start":{"line":14,"column":8},"end":{"line":14,"column":33}},"7":{"start":{"line":6,"column":0},"end":{"line":6,"column":21}}},"fnMap":{"0":{"name":"(anonymous_0)","decl":{"start":{"line":7,"column":4},"end":{"line":7,"column":16}},"loc":{"start":{"line":7,"column":89},"end":{"line":12,"column":5}}},"1":{"name":"(anonymous_1)","decl":{"start":{"line":13,"column":4},"end":{"line":13,"column":10}},"loc":{"start":{"line":13,"column":10},"end":{"line":15,"column":5}}}},"branchMap":{"0":{"loc":{"start":{"line":7,"column":16},"end":{"line":7,"column":27}},"type":"default-arg","locations":[{"start":{"line":7,"column":22},"end":{"line":7,"column":27}}]},"1":{"loc":{"start":{"line":7,"column":29},"end":{"line":7,"column":73}},"type":"default-arg","locations":[{"start":{"line":7,"column":71},"end":{"line":7,"column":73}}]},"2":{"loc":{"start":{"line":7,"column":75},"end":{"line":7,"column":89}},"type":"default-arg","locations":[{"start":{"line":7,"column":87},"end":{"line":7,"column":89}}]},"3":{"loc":{"start":{"line":9,"column":8},"end":{"line":11,"column":null}},"type":"if","locations":[{"start":{"line":9,"column":8},"end":{"line":11,"column":null}}]}},"s":{"0":2,"1":2,"2":2,"3":6,"4":6,"5":3,"6":13,"7":2},"f":{"0":6,"1":13},"b":{"0":[0],"1":[0],"2":[5],"3":[3]}}
,"C:\\Users\\tzhovtyy\\Desktop\\chat\\src\\components\\button\\tpl.ts": {"path":"C:\\Users\\tzhovtyy\\Desktop\\chat\\src\\components\\button\\tpl.ts","statementMap":{"0":{"start":{"line":1,"column":12},"end":{"line":1,"column":78}},"1":{"start":{"line":2,"column":0},"end":{"line":2,"column":19}}},"fnMap":{},"branchMap":{},"s":{"0":2,"1":2},"f":{},"b":{}}
,"C:\\Users\\tzhovtyy\\Desktop\\chat\\src\\components\\chat-actions\\index.ts": {"path":"C:\\Users\\tzhovtyy\\Desktop\\chat\\src\\components\\chat-actions\\index.ts","statementMap":{"0":{"start":{"line":1,"column":0},"end":{"line":1,"column":24}},"1":{"start":{"line":2,"column":0},"end":{"line":2,"column":22}},"2":{"start":{"line":3,"column":0},"end":{"line":3,"column":41}},"3":{"start":{"line":8,"column":8},"end":{"line":8,"column":58}},"4":{"start":{"line":11,"column":8},"end":{"line":11,"column":33}},"5":{"start":{"line":6,"column":0},"end":{"line":6,"column":21}}},"fnMap":{"0":{"name":"(anonymous_0)","decl":{"start":{"line":7,"column":4},"end":{"line":7,"column":16}},"loc":{"start":{"line":7,"column":73},"end":{"line":9,"column":5}}},"1":{"name":"(anonymous_1)","decl":{"start":{"line":10,"column":4},"end":{"line":10,"column":10}},"loc":{"start":{"line":10,"column":10},"end":{"line":12,"column":5}}}},"branchMap":{"0":{"loc":{"start":{"line":7,"column":16},"end":{"line":7,"column":27}},"type":"default-arg","locations":[{"start":{"line":7,"column":22},"end":{"line":7,"column":27}}]},"1":{"loc":{"start":{"line":7,"column":29},"end":{"line":7,"column":73}},"type":"default-arg","locations":[{"start":{"line":7,"column":71},"end":{"line":7,"column":73}}]}},"s":{"0":1,"1":1,"2":1,"3":1,"4":1,"5":1},"f":{"0":1,"1":1},"b":{"0":[0],"1":[0]}}
,"C:\\Users\\tzhovtyy\\Desktop\\chat\\src\\components\\chat-actions\\tpl.ts": {"path":"C:\\Users\\tzhovtyy\\Desktop\\chat\\src\\components\\chat-actions\\tpl.ts","statementMap":{"0":{"start":{"line":1,"column":12},"end":{"line":7,"column":10}},"1":{"start":{"line":8,"column":0},"end":{"line":8,"column":19}}},"fnMap":{},"branchMap":{},"s":{"0":1,"1":1},"f":{},"b":{}}
,"C:\\Users\\tzhovtyy\\Desktop\\chat\\src\\components\\chat-add-user\\index.ts": {"path":"C:\\Users\\tzhovtyy\\Desktop\\chat\\src\\components\\chat-add-user\\index.ts","statementMap":{"0":{"start":{"line":1,"column":0},"end":{"line":1,"column":24}},"1":{"start":{"line":2,"column":0},"end":{"line":2,"column":22}},"2":{"start":{"line":3,"column":0},"end":{"line":3,"column":41}},"3":{"start":{"line":5,"column":0},"end":{"line":5,"column":62}},"4":{"start":{"line":9,"column":8},"end":{"line":9,"column":54}},"5":{"start":{"line":12,"column":8},"end":{"line":12,"column":33}},"6":{"start":{"line":16,"column":0},"end":{"line":16,"column":43}}},"fnMap":{"0":{"name":"(anonymous_0)","decl":{"start":{"line":8,"column":4},"end":{"line":8,"column":16}},"loc":{"start":{"line":8,"column":73},"end":{"line":10,"column":5}}},"1":{"name":"(anonymous_1)","decl":{"start":{"line":11,"column":4},"end":{"line":11,"column":10}},"loc":{"start":{"line":11,"column":10},"end":{"line":13,"column":5}}}},"branchMap":{"0":{"loc":{"start":{"line":8,"column":16},"end":{"line":8,"column":27}},"type":"default-arg","locations":[{"start":{"line":8,"column":22},"end":{"line":8,"column":27}}]},"1":{"loc":{"start":{"line":8,"column":29},"end":{"line":8,"column":73}},"type":"default-arg","locations":[{"start":{"line":8,"column":71},"end":{"line":8,"column":73}}]}},"s":{"0":1,"1":1,"2":1,"3":1,"4":1,"5":1,"6":1},"f":{"0":1,"1":1},"b":{"0":[0],"1":[0]}}
,"C:\\Users\\tzhovtyy\\Desktop\\chat\\src\\components\\chat-add-user\\tpl.ts": {"path":"C:\\Users\\tzhovtyy\\Desktop\\chat\\src\\components\\chat-add-user\\tpl.ts","statementMap":{"0":{"start":{"line":1,"column":12},"end":{"line":26,"column":9}},"1":{"start":{"line":27,"column":0},"end":{"line":27,"column":19}}},"fnMap":{},"branchMap":{},"s":{"0":1,"1":1},"f":{},"b":{}}
,"C:\\Users\\tzhovtyy\\Desktop\\chat\\src\\components\\chat-remove-user\\index.ts": {"path":"C:\\Users\\tzhovtyy\\Desktop\\chat\\src\\components\\chat-remove-user\\index.ts","statementMap":{"0":{"start":{"line":1,"column":0},"end":{"line":1,"column":24}},"1":{"start":{"line":2,"column":0},"end":{"line":2,"column":22}},"2":{"start":{"line":3,"column":0},"end":{"line":3,"column":41}},"3":{"start":{"line":5,"column":0},"end":{"line":5,"column":62}},"4":{"start":{"line":9,"column":8},"end":{"line":9,"column":54}},"5":{"start":{"line":13,"column":8},"end":{"line":13,"column":33}},"6":{"start":{"line":17,"column":0},"end":{"line":17,"column":46}}},"fnMap":{"0":{"name":"(anonymous_0)","decl":{"start":{"line":8,"column":4},"end":{"line":8,"column":16}},"loc":{"start":{"line":8,"column":73},"end":{"line":10,"column":5}}},"1":{"name":"(anonymous_1)","decl":{"start":{"line":12,"column":4},"end":{"line":12,"column":10}},"loc":{"start":{"line":12,"column":10},"end":{"line":14,"column":5}}}},"branchMap":{"0":{"loc":{"start":{"line":8,"column":16},"end":{"line":8,"column":27}},"type":"default-arg","locations":[{"start":{"line":8,"column":22},"end":{"line":8,"column":27}}]},"1":{"loc":{"start":{"line":8,"column":29},"end":{"line":8,"column":73}},"type":"default-arg","locations":[{"start":{"line":8,"column":71},"end":{"line":8,"column":73}}]}},"s":{"0":1,"1":1,"2":1,"3":1,"4":1,"5":1,"6":1},"f":{"0":1,"1":1},"b":{"0":[0],"1":[0]}}
,"C:\\Users\\tzhovtyy\\Desktop\\chat\\src\\components\\chat-remove-user\\tpl.ts": {"path":"C:\\Users\\tzhovtyy\\Desktop\\chat\\src\\components\\chat-remove-user\\tpl.ts","statementMap":{"0":{"start":{"line":1,"column":12},"end":{"line":13,"column":9}},"1":{"start":{"line":14,"column":0},"end":{"line":14,"column":19}}},"fnMap":{},"branchMap":{},"s":{"0":1,"1":1},"f":{},"b":{}}
,"C:\\Users\\tzhovtyy\\Desktop\\chat\\src\\components\\input_field\\index.ts": {"path":"C:\\Users\\tzhovtyy\\Desktop\\chat\\src\\components\\input_field\\index.ts","statementMap":{"0":{"start":{"line":1,"column":0},"end":{"line":1,"column":24}},"1":{"start":{"line":2,"column":0},"end":{"line":2,"column":22}},"2":{"start":{"line":3,"column":0},"end":{"line":3,"column":41}},"3":{"start":{"line":8,"column":8},"end":{"line":8,"column":51}},"4":{"start":{"line":9,"column":8},"end":{"line":11,"column":null}},"5":{"start":{"line":10,"column":12},"end":{"line":10,"column":43}},"6":{"start":{"line":14,"column":8},"end":{"line":14,"column":33}},"7":{"start":{"line":6,"column":0},"end":{"line":6,"column":21}}},"fnMap":{"0":{"name":"(anonymous_0)","decl":{"start":{"line":7,"column":4},"end":{"line":7,"column":16}},"loc":{"start":{"line":7,"column":73},"end":{"line":12,"column":5}}},"1":{"name":"(anonymous_1)","decl":{"start":{"line":13,"column":4},"end":{"line":13,"column":10}},"loc":{"start":{"line":13,"column":10},"end":{"line":15,"column":5}}}},"branchMap":{"0":{"loc":{"start":{"line":7,"column":16},"end":{"line":7,"column":27}},"type":"default-arg","locations":[{"start":{"line":7,"column":22},"end":{"line":7,"column":27}}]},"1":{"loc":{"start":{"line":7,"column":29},"end":{"line":7,"column":73}},"type":"default-arg","locations":[{"start":{"line":7,"column":71},"end":{"line":7,"column":73}}]},"2":{"loc":{"start":{"line":9,"column":8},"end":{"line":11,"column":null}},"type":"if","locations":[{"start":{"line":9,"column":8},"end":{"line":11,"column":null}}]}},"s":{"0":1,"1":1,"2":1,"3":9,"4":9,"5":6,"6":15,"7":1},"f":{"0":9,"1":15},"b":{"0":[0],"1":[0],"2":[6]}}
,"C:\\Users\\tzhovtyy\\Desktop\\chat\\src\\components\\input_field\\tpl.ts": {"path":"C:\\Users\\tzhovtyy\\Desktop\\chat\\src\\components\\input_field\\tpl.ts","statementMap":{"0":{"start":{"line":1,"column":12},"end":{"line":3,"column":59}},"1":{"start":{"line":4,"column":0},"end":{"line":4,"column":19}}},"fnMap":{},"branchMap":{},"s":{"0":1,"1":1},"f":{},"b":{}}
,"C:\\Users\\tzhovtyy\\Desktop\\chat\\src\\components\\messages-lent\\index.ts": {"path":"C:\\Users\\tzhovtyy\\Desktop\\chat\\src\\components\\messages-lent\\index.ts","statementMap":{"0":{"start":{"line":1,"column":0},"end":{"line":1,"column":24}},"1":{"start":{"line":2,"column":0},"end":{"line":2,"column":22}},"2":{"start":{"line":3,"column":0},"end":{"line":3,"column":41}},"3":{"start":{"line":5,"column":0},"end":{"line":5,"column":60}},"4":{"start":{"line":9,"column":8},"end":{"line":9,"column":70}},"5":{"start":{"line":12,"column":8},"end":{"line":12,"column":33}},"6":{"start":{"line":16,"column":0},"end":{"line":16,"column":42}}},"fnMap":{"0":{"name":"(anonymous_0)","decl":{"start":{"line":8,"column":4},"end":{"line":8,"column":16}},"loc":{"start":{"line":8,"column":72},"end":{"line":10,"column":5}}},"1":{"name":"(anonymous_1)","decl":{"start":{"line":11,"column":4},"end":{"line":11,"column":10}},"loc":{"start":{"line":11,"column":10},"end":{"line":13,"column":5}}}},"branchMap":{"0":{"loc":{"start":{"line":8,"column":16},"end":{"line":8,"column":27}},"type":"default-arg","locations":[{"start":{"line":8,"column":22},"end":{"line":8,"column":27}}]},"1":{"loc":{"start":{"line":8,"column":29},"end":{"line":8,"column":72}},"type":"default-arg","locations":[{"start":{"line":8,"column":70},"end":{"line":8,"column":72}}]}},"s":{"0":1,"1":1,"2":1,"3":1,"4":1,"5":1,"6":1},"f":{"0":1,"1":1},"b":{"0":[0],"1":[0]}}
,"C:\\Users\\tzhovtyy\\Desktop\\chat\\src\\components\\messages-lent\\tpl.ts": {"path":"C:\\Users\\tzhovtyy\\Desktop\\chat\\src\\components\\messages-lent\\tpl.ts","statementMap":{"0":{"start":{"line":1,"column":12},"end":{"line":14,"column":11}},"1":{"start":{"line":16,"column":0},"end":{"line":16,"column":19}}},"fnMap":{},"branchMap":{},"s":{"0":1,"1":1},"f":{},"b":{}}
,"C:\\Users\\tzhovtyy\\Desktop\\chat\\src\\components\\new-chat-btn\\index.ts": {"path":"C:\\Users\\tzhovtyy\\Desktop\\chat\\src\\components\\new-chat-btn\\index.ts","statementMap":{"0":{"start":{"line":1,"column":0},"end":{"line":1,"column":24}},"1":{"start":{"line":2,"column":0},"end":{"line":2,"column":22}},"2":{"start":{"line":3,"column":0},"end":{"line":3,"column":41}},"3":{"start":{"line":8,"column":8},"end":{"line":8,"column":63}},"4":{"start":{"line":11,"column":8},"end":{"line":11,"column":33}},"5":{"start":{"line":6,"column":0},"end":{"line":6,"column":21}}},"fnMap":{"0":{"name":"(anonymous_0)","decl":{"start":{"line":7,"column":4},"end":{"line":7,"column":16}},"loc":{"start":{"line":7,"column":76},"end":{"line":9,"column":5}}},"1":{"name":"(anonymous_1)","decl":{"start":{"line":10,"column":4},"end":{"line":10,"column":10}},"loc":{"start":{"line":10,"column":10},"end":{"line":12,"column":5}}}},"branchMap":{"0":{"loc":{"start":{"line":7,"column":16},"end":{"line":7,"column":30}},"type":"default-arg","locations":[{"start":{"line":7,"column":22},"end":{"line":7,"column":30}}]},"1":{"loc":{"start":{"line":7,"column":32},"end":{"line":7,"column":76}},"type":"default-arg","locations":[{"start":{"line":7,"column":74},"end":{"line":7,"column":76}}]}},"s":{"0":1,"1":1,"2":1,"3":1,"4":1,"5":1},"f":{"0":1,"1":1},"b":{"0":[0],"1":[0]}}
,"C:\\Users\\tzhovtyy\\Desktop\\chat\\src\\components\\new-chat-btn\\tpl.ts": {"path":"C:\\Users\\tzhovtyy\\Desktop\\chat\\src\\components\\new-chat-btn\\tpl.ts","statementMap":{"0":{"start":{"line":1,"column":12},"end":{"line":4,"column":8}},"1":{"start":{"line":5,"column":0},"end":{"line":5,"column":19}}},"fnMap":{},"branchMap":{},"s":{"0":1,"1":1},"f":{},"b":{}}
,"C:\\Users\\tzhovtyy\\Desktop\\chat\\src\\components\\new-chat-menu\\index.ts": {"path":"C:\\Users\\tzhovtyy\\Desktop\\chat\\src\\components\\new-chat-menu\\index.ts","statementMap":{"0":{"start":{"line":1,"column":0},"end":{"line":1,"column":24}},"1":{"start":{"line":2,"column":0},"end":{"line":2,"column":22}},"2":{"start":{"line":3,"column":0},"end":{"line":3,"column":41}},"3":{"start":{"line":8,"column":8},"end":{"line":8,"column":54}},"4":{"start":{"line":11,"column":8},"end":{"line":11,"column":33}},"5":{"start":{"line":6,"column":0},"end":{"line":6,"column":21}}},"fnMap":{"0":{"name":"(anonymous_0)","decl":{"start":{"line":7,"column":4},"end":{"line":7,"column":16}},"loc":{"start":{"line":7,"column":76},"end":{"line":9,"column":5}}},"1":{"name":"(anonymous_1)","decl":{"start":{"line":10,"column":4},"end":{"line":10,"column":10}},"loc":{"start":{"line":10,"column":10},"end":{"line":12,"column":5}}}},"branchMap":{"0":{"loc":{"start":{"line":7,"column":16},"end":{"line":7,"column":30}},"type":"default-arg","locations":[{"start":{"line":7,"column":22},"end":{"line":7,"column":30}}]},"1":{"loc":{"start":{"line":7,"column":32},"end":{"line":7,"column":76}},"type":"default-arg","locations":[{"start":{"line":7,"column":74},"end":{"line":7,"column":76}}]}},"s":{"0":1,"1":1,"2":1,"3":1,"4":1,"5":1},"f":{"0":1,"1":1},"b":{"0":[0],"1":[0]}}
,"C:\\Users\\tzhovtyy\\Desktop\\chat\\src\\components\\new-chat-menu\\tpl.ts": {"path":"C:\\Users\\tzhovtyy\\Desktop\\chat\\src\\components\\new-chat-menu\\tpl.ts","statementMap":{"0":{"start":{"line":1,"column":12},"end":{"line":5,"column":9}},"1":{"start":{"line":6,"column":0},"end":{"line":6,"column":19}}},"fnMap":{},"branchMap":{},"s":{"0":1,"1":1},"f":{},"b":{}}
,"C:\\Users\\tzhovtyy\\Desktop\\chat\\src\\components\\profile-settings-link\\index.ts": {"path":"C:\\Users\\tzhovtyy\\Desktop\\chat\\src\\components\\profile-settings-link\\index.ts","statementMap":{"0":{"start":{"line":1,"column":0},"end":{"line":1,"column":24}},"1":{"start":{"line":2,"column":0},"end":{"line":2,"column":22}},"2":{"start":{"line":3,"column":0},"end":{"line":3,"column":41}},"3":{"start":{"line":5,"column":0},"end":{"line":5,"column":61}},"4":{"start":{"line":10,"column":8},"end":{"line":10,"column":68}},"5":{"start":{"line":13,"column":8},"end":{"line":13,"column":33}},"6":{"start":{"line":17,"column":0},"end":{"line":17,"column":50}}},"fnMap":{"0":{"name":"(anonymous_0)","decl":{"start":{"line":9,"column":4},"end":{"line":9,"column":16}},"loc":{"start":{"line":9,"column":74},"end":{"line":11,"column":5}}},"1":{"name":"(anonymous_1)","decl":{"start":{"line":12,"column":4},"end":{"line":12,"column":10}},"loc":{"start":{"line":12,"column":10},"end":{"line":14,"column":5}}}},"branchMap":{"0":{"loc":{"start":{"line":9,"column":16},"end":{"line":9,"column":28}},"type":"default-arg","locations":[{"start":{"line":9,"column":22},"end":{"line":9,"column":28}}]},"1":{"loc":{"start":{"line":9,"column":30},"end":{"line":9,"column":74}},"type":"default-arg","locations":[{"start":{"line":9,"column":72},"end":{"line":9,"column":74}}]}},"s":{"0":1,"1":1,"2":1,"3":1,"4":1,"5":1,"6":1},"f":{"0":1,"1":1},"b":{"0":[0],"1":[0]}}
,"C:\\Users\\tzhovtyy\\Desktop\\chat\\src\\components\\profile-settings-link\\tpl.ts": {"path":"C:\\Users\\tzhovtyy\\Desktop\\chat\\src\\components\\profile-settings-link\\tpl.ts","statementMap":{"0":{"start":{"line":1,"column":12},"end":{"line":16,"column":22}},"1":{"start":{"line":17,"column":0},"end":{"line":17,"column":19}}},"fnMap":{},"branchMap":{},"s":{"0":1,"1":1},"f":{},"b":{}}
,"C:\\Users\\tzhovtyy\\Desktop\\chat\\src\\components\\sidebar-dialogues\\index.ts": {"path":"C:\\Users\\tzhovtyy\\Desktop\\chat\\src\\components\\sidebar-dialogues\\index.ts","statementMap":{"0":{"start":{"line":1,"column":0},"end":{"line":1,"column":24}},"1":{"start":{"line":2,"column":0},"end":{"line":2,"column":22}},"2":{"start":{"line":3,"column":0},"end":{"line":3,"column":41}},"3":{"start":{"line":5,"column":0},"end":{"line":5,"column":57}},"4":{"start":{"line":9,"column":8},"end":{"line":9,"column":60}},"5":{"start":{"line":12,"column":8},"end":{"line":12,"column":33}},"6":{"start":{"line":15,"column":0},"end":{"line":15,"column":43}}},"fnMap":{"0":{"name":"(anonymous_0)","decl":{"start":{"line":8,"column":4},"end":{"line":8,"column":16}},"loc":{"start":{"line":8,"column":73},"end":{"line":10,"column":5}}},"1":{"name":"(anonymous_1)","decl":{"start":{"line":11,"column":4},"end":{"line":11,"column":10}},"loc":{"start":{"line":11,"column":10},"end":{"line":13,"column":5}}}},"branchMap":{"0":{"loc":{"start":{"line":8,"column":16},"end":{"line":8,"column":27}},"type":"default-arg","locations":[{"start":{"line":8,"column":22},"end":{"line":8,"column":27}}]},"1":{"loc":{"start":{"line":8,"column":29},"end":{"line":8,"column":73}},"type":"default-arg","locations":[{"start":{"line":8,"column":71},"end":{"line":8,"column":73}}]}},"s":{"0":1,"1":1,"2":1,"3":1,"4":1,"5":1,"6":1},"f":{"0":1,"1":1},"b":{"0":[0],"1":[0]}}
,"C:\\Users\\tzhovtyy\\Desktop\\chat\\src\\components\\sidebar-dialogues\\tpl.ts": {"path":"C:\\Users\\tzhovtyy\\Desktop\\chat\\src\\components\\sidebar-dialogues\\tpl.ts","statementMap":{"0":{"start":{"line":1,"column":12},"end":{"line":24,"column":11}},"1":{"start":{"line":25,"column":0},"end":{"line":25,"column":19}}},"fnMap":{},"branchMap":{},"s":{"0":1,"1":1},"f":{},"b":{}}
,"C:\\Users\\tzhovtyy\\Desktop\\chat\\src\\pages\\chat\\index.ts": {"path":"C:\\Users\\tzhovtyy\\Desktop\\chat\\src\\pages\\chat\\index.ts","statementMap":{"0":{"start":{"line":2,"column":0},"end":{"line":2,"column":24}},"1":{"start":{"line":3,"column":0},"end":{"line":3,"column":22}},"2":{"start":{"line":4,"column":0},"end":{"line":4,"column":41}},"3":{"start":{"line":5,"column":0},"end":{"line":5,"column":45}},"4":{"start":{"line":6,"column":0},"end":{"line":6,"column":55}},"5":{"start":{"line":7,"column":0},"end":{"line":7,"column":57}},"6":{"start":{"line":8,"column":0},"end":{"line":8,"column":66}},"7":{"start":{"line":9,"column":0},"end":{"line":9,"column":56}},"8":{"start":{"line":10,"column":0},"end":{"line":10,"column":57}},"9":{"start":{"line":11,"column":0},"end":{"line":11,"column":63}},"10":{"start":{"line":12,"column":0},"end":{"line":12,"column":73}},"11":{"start":{"line":13,"column":0},"end":{"line":13,"column":74}},"12":{"start":{"line":14,"column":0},"end":{"line":14,"column":41}},"13":{"start":{"line":15,"column":0},"end":{"line":15,"column":63}},"14":{"start":{"line":16,"column":0},"end":{"line":16,"column":53}},"15":{"start":{"line":17,"column":0},"end":{"line":17,"column":51}},"16":{"start":{"line":18,"column":0},"end":{"line":18,"column":72}},"17":{"start":{"line":19,"column":0},"end":{"line":19,"column":80}},"18":{"start":{"line":20,"column":0},"end":{"line":20,"column":58}},"19":{"start":{"line":21,"column":0},"end":{"line":21,"column":48}},"20":{"start":{"line":24,"column":4},"end":{"line":24,"column":16}},"21":{"start":{"line":26,"column":4},"end":{"line":28,"column":null}},"22":{"start":{"line":27,"column":8},"end":{"line":27,"column":48}},"23":{"start":{"line":31,"column":24},"end":{"line":38,"column":2}},"24":{"start":{"line":35,"column":12},"end":{"line":35,"column":35}},"25":{"start":{"line":40,"column":20},"end":{"line":66,"column":2}},"26":{"start":{"line":45,"column":12},"end":{"line":45,"column":31}},"27":{"start":{"line":46,"column":12},"end":{"line":46,"column":41}},"28":{"start":{"line":49,"column":27},"end":{"line":49,"column":50}},"29":{"start":{"line":51,"column":12},"end":{"line":54,"column":null}},"30":{"start":{"line":52,"column":16},"end":{"line":52,"column":39}},"31":{"start":{"line":53,"column":16},"end":{"line":53,"column":23}},"32":{"start":{"line":56,"column":12},"end":{"line":63,"column":null}},"33":{"start":{"line":57,"column":31},"end":{"line":57,"column":49}},"34":{"start":{"line":58,"column":16},"end":{"line":60,"column":null}},"35":{"start":{"line":59,"column":20},"end":{"line":59,"column":27}},"36":{"start":{"line":61,"column":16},"end":{"line":61,"column":55}},"37":{"start":{"line":62,"column":16},"end":{"line":62,"column":39}},"38":{"start":{"line":67,"column":0},"end":{"line":67,"column":19}},"39":{"start":{"line":69,"column":23},"end":{"line":90,"column":2}},"40":{"start":{"line":73,"column":27},"end":{"line":73,"column":50}},"41":{"start":{"line":75,"column":12},"end":{"line":78,"column":null}},"42":{"start":{"line":76,"column":16},"end":{"line":76,"column":42}},"43":{"start":{"line":77,"column":16},"end":{"line":77,"column":23}},"44":{"start":{"line":79,"column":12},"end":{"line":86,"column":null}},"45":{"start":{"line":80,"column":31},"end":{"line":80,"column":49}},"46":{"start":{"line":81,"column":16},"end":{"line":83,"column":null}},"47":{"start":{"line":82,"column":20},"end":{"line":82,"column":27}},"48":{"start":{"line":84,"column":16},"end":{"line":84,"column":60}},"49":{"start":{"line":85,"column":16},"end":{"line":85,"column":42}},"50":{"start":{"line":91,"column":0},"end":{"line":91,"column":22}},"51":{"start":{"line":93,"column":23},"end":{"line":108,"column":40}},"52":{"start":{"line":99,"column":12},"end":{"line":105,"column":null}},"53":{"start":{"line":100,"column":16},"end":{"line":100,"column":35}},"54":{"start":{"line":101,"column":16},"end":{"line":101,"column":53}},"55":{"start":{"line":103,"column":16},"end":{"line":103,"column":52}},"56":{"start":{"line":104,"column":16},"end":{"line":104,"column":35}},"57":{"start":{"line":110,"column":20},"end":{"line":137,"column":2}},"58":{"start":{"line":113,"column":29},"end":{"line":113,"column":64}},"59":{"start":{"line":114,"column":12},"end":{"line":114,"column":31}},"60":{"start":{"line":114,"column":24},"end":{"line":114,"column":31}},"61":{"start":{"line":115,"column":12},"end":{"line":126,"column":null}},"62":{"start":{"line":117,"column":16},"end":{"line":117,"column":35}},"63":{"start":{"line":118,"column":16},"end":{"line":118,"column":22}},"64":{"start":{"line":120,"column":16},"end":{"line":120,"column":47}},"65":{"start":{"line":121,"column":16},"end":{"line":121,"column":38}},"66":{"start":{"line":122,"column":16},"end":{"line":122,"column":22}},"67":{"start":{"line":124,"column":16},"end":{"line":124,"column":45}},"68":{"start":{"line":125,"column":16},"end":{"line":125,"column":22}},"69":{"start":{"line":129,"column":27},"end":{"line":129,"column":62}},"70":{"start":{"line":130,"column":12},"end":{"line":130,"column":30}},"71":{"start":{"line":130,"column":23},"end":{"line":130,"column":30}},"72":{"start":{"line":131,"column":24},"end":{"line":131,"column":32}},"73":{"start":{"line":132,"column":29},"end":{"line":132,"column":43}},"74":{"start":{"line":133,"column":12},"end":{"line":133,"column":43}},"75":{"start":{"line":134,"column":12},"end":{"line":134,"column":55}},"76":{"start":{"line":138,"column":0},"end":{"line":138,"column":19}},"77":{"start":{"line":140,"column":19},"end":{"line":147,"column":2}},"78":{"start":{"line":143,"column":12},"end":{"line":143,"column":29}},"79":{"start":{"line":144,"column":12},"end":{"line":144,"column":31}},"80":{"start":{"line":148,"column":20},"end":{"line":157,"column":2}},"81":{"start":{"line":151,"column":12},"end":{"line":151,"column":31}},"82":{"start":{"line":152,"column":12},"end":{"line":152,"column":42}},"83":{"start":{"line":153,"column":12},"end":{"line":153,"column":31}},"84":{"start":{"line":154,"column":12},"end":{"line":154,"column":29}},"85":{"start":{"line":158,"column":0},"end":{"line":158,"column":19}},"86":{"start":{"line":160,"column":18},"end":{"line":172,"column":2}},"87":{"start":{"line":165,"column":27},"end":{"line":165,"column":50}},"88":{"start":{"line":166,"column":23},"end":{"line":166,"column":54}},"89":{"start":{"line":167,"column":26},"end":{"line":167,"column":60}},"90":{"start":{"line":168,"column":27},"end":{"line":168,"column":62}},"91":{"start":{"line":169,"column":12},"end":{"line":169,"column":56}},"92":{"start":{"line":174,"column":17},"end":{"line":176,"column":2}},"93":{"start":{"line":180,"column":8},"end":{"line":180,"column":34}},"94":{"start":{"line":183,"column":8},"end":{"line":183,"column":33}},"95":{"start":{"line":186,"column":22},"end":{"line":186,"column":43}},"96":{"start":{"line":189,"column":4},"end":{"line":212,"column":7}},"97":{"start":{"line":203,"column":16},"end":{"line":203,"column":84}},"98":{"start":{"line":203,"column":77},"end":{"line":203,"column":84}},"99":{"start":{"line":204,"column":37},"end":{"line":204,"column":71}},"100":{"start":{"line":205,"column":16},"end":{"line":209,"column":null}},"101":{"start":{"line":206,"column":43},"end":{"line":206,"column":61}},"102":{"start":{"line":207,"column":20},"end":{"line":207,"column":60}},"103":{"start":{"line":208,"column":20},"end":{"line":208,"column":44}},"104":{"start":{"line":188,"column":0},"end":{"line":188,"column":24}}},"fnMap":{"0":{"name":"closeMenu","decl":{"start":{"line":23,"column":9},"end":{"line":23,"column":18}},"loc":{"start":{"line":23,"column":30},"end":{"line":29,"column":1}}},"1":{"name":"(anonymous_1)","decl":{"start":{"line":34,"column":15},"end":{"line":34,"column":17}},"loc":{"start":{"line":34,"column":19},"end":{"line":36,"column":9}}},"2":{"name":"(anonymous_2)","decl":{"start":{"line":44,"column":16},"end":{"line":44,"column":17}},"loc":{"start":{"line":44,"column":19},"end":{"line":47,"column":9}}},"3":{"name":"(anonymous_3)","decl":{"start":{"line":48,"column":15},"end":{"line":48,"column":16}},"loc":{"start":{"line":48,"column":18},"end":{"line":64,"column":9}}},"4":{"name":"(anonymous_4)","decl":{"start":{"line":72,"column":15},"end":{"line":72,"column":16}},"loc":{"start":{"line":72,"column":18},"end":{"line":87,"column":9}}},"5":{"name":"(anonymous_5)","decl":{"start":{"line":98,"column":15},"end":{"line":98,"column":17}},"loc":{"start":{"line":98,"column":19},"end":{"line":106,"column":9}}},"6":{"name":"(anonymous_6)","decl":{"start":{"line":112,"column":15},"end":{"line":112,"column":16}},"loc":{"start":{"line":112,"column":18},"end":{"line":127,"column":9}}},"7":{"name":"(anonymous_7)","decl":{"start":{"line":128,"column":16},"end":{"line":128,"column":17}},"loc":{"start":{"line":128,"column":19},"end":{"line":135,"column":9}}},"8":{"name":"(anonymous_8)","decl":{"start":{"line":142,"column":15},"end":{"line":142,"column":18}},"loc":{"start":{"line":142,"column":20},"end":{"line":145,"column":9}}},"9":{"name":"(anonymous_9)","decl":{"start":{"line":150,"column":16},"end":{"line":150,"column":17}},"loc":{"start":{"line":150,"column":20},"end":{"line":155,"column":9}}},"10":{"name":"(anonymous_10)","decl":{"start":{"line":164,"column":15},"end":{"line":164,"column":16}},"loc":{"start":{"line":164,"column":18},"end":{"line":170,"column":9}}},"11":{"name":"(anonymous_11)","decl":{"start":{"line":179,"column":4},"end":{"line":179,"column":16}},"loc":{"start":{"line":179,"column":57},"end":{"line":181,"column":5}}},"12":{"name":"(anonymous_12)","decl":{"start":{"line":182,"column":4},"end":{"line":182,"column":10}},"loc":{"start":{"line":182,"column":10},"end":{"line":184,"column":5}}},"13":{"name":"createChatPage","decl":{"start":{"line":188,"column":24},"end":{"line":188,"column":38}},"loc":{"start":{"line":188,"column":38},"end":{"line":213,"column":1}}},"14":{"name":"(anonymous_14)","decl":{"start":{"line":202,"column":19},"end":{"line":202,"column":20}},"loc":{"start":{"line":202,"column":23},"end":{"line":210,"column":13}}}},"branchMap":{"0":{"loc":{"start":{"line":26,"column":4},"end":{"line":28,"column":null}},"type":"if","locations":[{"start":{"line":26,"column":4},"end":{"line":28,"column":null}}]},"1":{"loc":{"start":{"line":51,"column":12},"end":{"line":54,"column":null}},"type":"if","locations":[{"start":{"line":51,"column":12},"end":{"line":54,"column":null}}]},"2":{"loc":{"start":{"line":56,"column":12},"end":{"line":63,"column":null}},"type":"if","locations":[{"start":{"line":56,"column":12},"end":{"line":63,"column":null}}]},"3":{"loc":{"start":{"line":58,"column":16},"end":{"line":60,"column":null}},"type":"if","locations":[{"start":{"line":58,"column":16},"end":{"line":60,"column":null}}]},"4":{"loc":{"start":{"line":75,"column":12},"end":{"line":78,"column":null}},"type":"if","locations":[{"start":{"line":75,"column":12},"end":{"line":78,"column":null}}]},"5":{"loc":{"start":{"line":79,"column":12},"end":{"line":86,"column":null}},"type":"if","locations":[{"start":{"line":79,"column":12},"end":{"line":86,"column":null}}]},"6":{"loc":{"start":{"line":81,"column":16},"end":{"line":83,"column":null}},"type":"if","locations":[{"start":{"line":81,"column":16},"end":{"line":83,"column":null}}]},"7":{"loc":{"start":{"line":99,"column":12},"end":{"line":105,"column":null}},"type":"if","locations":[{"start":{"line":99,"column":12},"end":{"line":105,"column":null}},{"start":{"line":102,"column":19},"end":{"line":105,"column":null}}]},"8":{"loc":{"start":{"line":114,"column":12},"end":{"line":114,"column":31}},"type":"if","locations":[{"start":{"line":114,"column":12},"end":{"line":114,"column":31}}]},"9":{"loc":{"start":{"line":115,"column":12},"end":{"line":126,"column":null}},"type":"switch","locations":[{"start":{"line":116,"column":12},"end":{"line":118,"column":22}},{"start":{"line":119,"column":12},"end":{"line":122,"column":22}},{"start":{"line":123,"column":12},"end":{"line":125,"column":22}}]},"10":{"loc":{"start":{"line":130,"column":12},"end":{"line":130,"column":30}},"type":"if","locations":[{"start":{"line":130,"column":12},"end":{"line":130,"column":30}}]},"11":{"loc":{"start":{"line":203,"column":16},"end":{"line":203,"column":84}},"type":"if","locations":[{"start":{"line":203,"column":16},"end":{"line":203,"column":84}}]},"12":{"loc":{"start":{"line":205,"column":16},"end":{"line":209,"column":null}},"type":"if","locations":[{"start":{"line":205,"column":16},"end":{"line":209,"column":null}}]},"13":{"loc":{"start":{"line":205,"column":20},"end":{"line":205,"column":70}},"type":"binary-expr","locations":[{"start":{"line":205,"column":20},"end":{"line":205,"column":32}},{"start":{"line":205,"column":36},"end":{"line":205,"column":70}}]}},"s":{"0":1,"1":1,"2":1,"3":1,"4":1,"5":1,"6":1,"7":1,"8":1,"9":1,"10":1,"11":1,"12":1,"13":1,"14":1,"15":1,"16":1,"17":1,"18":1,"19":1,"20":0,"21":0,"22":0,"23":1,"24":0,"25":1,"26":0,"27":0,"28":0,"29":0,"30":0,"31":0,"32":0,"33":0,"34":0,"35":0,"36":0,"37":0,"38":1,"39":1,"40":0,"41":0,"42":0,"43":0,"44":0,"45":0,"46":0,"47":0,"48":0,"49":0,"50":1,"51":1,"52":0,"53":0,"54":0,"55":0,"56":0,"57":1,"58":0,"59":0,"60":0,"61":0,"62":0,"63":0,"64":0,"65":0,"66":0,"67":0,"68":0,"69":0,"70":0,"71":0,"72":0,"73":0,"74":0,"75":0,"76":1,"77":1,"78":0,"79":0,"80":1,"81":0,"82":0,"83":0,"84":0,"85":1,"86":1,"87":0,"88":0,"89":0,"90":0,"91":0,"92":1,"93":0,"94":0,"95":1,"96":0,"97":0,"98":0,"99":0,"100":0,"101":0,"102":0,"103":0,"104":1},"f":{"0":0,"1":0,"2":0,"3":0,"4":0,"5":0,"6":0,"7":0,"8":0,"9":0,"10":0,"11":0,"12":0,"13":0,"14":0},"b":{"0":[0],"1":[0],"2":[0],"3":[0],"4":[0],"5":[0],"6":[0],"7":[0,0],"8":[0],"9":[0,0,0],"10":[0],"11":[0],"12":[0],"13":[0,0]}}
,"C:\\Users\\tzhovtyy\\Desktop\\chat\\src\\pages\\chat\\tpl.ts": {"path":"C:\\Users\\tzhovtyy\\Desktop\\chat\\src\\pages\\chat\\tpl.ts","statementMap":{"0":{"start":{"line":1,"column":12},"end":{"line":38,"column":13}},"1":{"start":{"line":39,"column":0},"end":{"line":39,"column":19}}},"fnMap":{},"branchMap":{},"s":{"0":1,"1":1},"f":{},"b":{}}
,"C:\\Users\\tzhovtyy\\Desktop\\chat\\src\\pages\\login\\index.ts": {"path":"C:\\Users\\tzhovtyy\\Desktop\\chat\\src\\pages\\login\\index.ts","statementMap":{"0":{"start":{"line":1,"column":0},"end":{"line":1,"column":24}},"1":{"start":{"line":2,"column":0},"end":{"line":2,"column":54}},"2":{"start":{"line":3,"column":0},"end":{"line":3,"column":46}},"3":{"start":{"line":4,"column":0},"end":{"line":4,"column":41}},"4":{"start":{"line":5,"column":0},"end":{"line":5,"column":53}},"5":{"start":{"line":6,"column":0},"end":{"line":6,"column":22}},"6":{"start":{"line":8,"column":0},"end":{"line":8,"column":42}},"7":{"start":{"line":9,"column":0},"end":{"line":9,"column":51}},"8":{"start":{"line":10,"column":0},"end":{"line":10,"column":72}},"9":{"start":{"line":12,"column":17},"end":{"line":15,"column":2}},"10":{"start":{"line":17,"column":18},"end":{"line":26,"column":2}},"11":{"start":{"line":23,"column":12},"end":{"line":23,"column":34}},"12":{"start":{"line":28,"column":20},"end":{"line":41,"column":2}},"13":{"start":{"line":29,"column":4},"end":{"line":40,"column":11}},"14":{"start":{"line":34,"column":20},"end":{"line":34,"column":74}},"15":{"start":{"line":37,"column":20},"end":{"line":37,"column":74}},"16":{"start":{"line":45,"column":8},"end":{"line":45,"column":46}},"17":{"start":{"line":48,"column":8},"end":{"line":48,"column":33}},"18":{"start":{"line":53,"column":4},"end":{"line":64,"column":7}},"19":{"start":{"line":59,"column":16},"end":{"line":61,"column":null}},"20":{"start":{"line":60,"column":20},"end":{"line":60,"column":45}},"21":{"start":{"line":52,"column":0},"end":{"line":52,"column":24}}},"fnMap":{"0":{"name":"(anonymous_0)","decl":{"start":{"line":22,"column":15},"end":{"line":22,"column":17}},"loc":{"start":{"line":22,"column":19},"end":{"line":24,"column":9}}},"1":{"name":"(anonymous_1)","decl":{"start":{"line":28,"column":35},"end":{"line":28,"column":39}},"loc":{"start":{"line":28,"column":42},"end":{"line":41,"column":1}}},"2":{"name":"(anonymous_2)","decl":{"start":{"line":33,"column":23},"end":{"line":33,"column":24}},"loc":{"start":{"line":33,"column":26},"end":{"line":35,"column":17}}},"3":{"name":"(anonymous_3)","decl":{"start":{"line":36,"column":22},"end":{"line":36,"column":23}},"loc":{"start":{"line":36,"column":25},"end":{"line":38,"column":17}}},"4":{"name":"(anonymous_4)","decl":{"start":{"line":44,"column":4},"end":{"line":44,"column":16}},"loc":{"start":{"line":44,"column":73},"end":{"line":46,"column":5}}},"5":{"name":"(anonymous_5)","decl":{"start":{"line":47,"column":4},"end":{"line":47,"column":10}},"loc":{"start":{"line":47,"column":10},"end":{"line":49,"column":5}}},"6":{"name":"createLoginPage","decl":{"start":{"line":52,"column":24},"end":{"line":52,"column":39}},"loc":{"start":{"line":52,"column":39},"end":{"line":65,"column":1}}},"7":{"name":"(anonymous_7)","decl":{"start":{"line":58,"column":20},"end":{"line":58,"column":21}},"loc":{"start":{"line":58,"column":24},"end":{"line":62,"column":13}}}},"branchMap":{"0":{"loc":{"start":{"line":44,"column":16},"end":{"line":44,"column":27}},"type":"default-arg","locations":[{"start":{"line":44,"column":22},"end":{"line":44,"column":27}}]},"1":{"loc":{"start":{"line":44,"column":29},"end":{"line":44,"column":73}},"type":"default-arg","locations":[{"start":{"line":44,"column":71},"end":{"line":44,"column":73}}]},"2":{"loc":{"start":{"line":59,"column":16},"end":{"line":61,"column":null}},"type":"if","locations":[{"start":{"line":59,"column":16},"end":{"line":61,"column":null}}]}},"s":{"0":1,"1":1,"2":1,"3":1,"4":1,"5":1,"6":1,"7":1,"8":1,"9":1,"10":1,"11":0,"12":1,"13":2,"14":0,"15":0,"16":1,"17":4,"18":1,"19":0,"20":0,"21":1},"f":{"0":0,"1":2,"2":0,"3":0,"4":1,"5":4,"6":1,"7":0},"b":{"0":[0],"1":[0],"2":[0]}}
,"C:\\Users\\tzhovtyy\\Desktop\\chat\\src\\pages\\login\\renderData.ts": {"path":"C:\\Users\\tzhovtyy\\Desktop\\chat\\src\\pages\\login\\renderData.ts","statementMap":{"0":{"start":{"line":1,"column":13},"end":{"line":11,"column":2}}},"fnMap":{},"branchMap":{},"s":{"0":1},"f":{},"b":{}}
,"C:\\Users\\tzhovtyy\\Desktop\\chat\\src\\pages\\login\\tpl.ts": {"path":"C:\\Users\\tzhovtyy\\Desktop\\chat\\src\\pages\\login\\tpl.ts","statementMap":{"0":{"start":{"line":1,"column":12},"end":{"line":6,"column":9}},"1":{"start":{"line":7,"column":0},"end":{"line":7,"column":19}}},"fnMap":{},"branchMap":{},"s":{"0":1,"1":1},"f":{},"b":{}}
,"C:\\Users\\tzhovtyy\\Desktop\\chat\\src\\pages\\registration\\index.ts": {"path":"C:\\Users\\tzhovtyy\\Desktop\\chat\\src\\pages\\registration\\index.ts","statementMap":{"0":{"start":{"line":1,"column":0},"end":{"line":1,"column":24}},"1":{"start":{"line":2,"column":0},"end":{"line":2,"column":22}},"2":{"start":{"line":3,"column":0},"end":{"line":3,"column":54}},"3":{"start":{"line":4,"column":0},"end":{"line":4,"column":46}},"4":{"start":{"line":5,"column":0},"end":{"line":5,"column":41}},"5":{"start":{"line":6,"column":0},"end":{"line":6,"column":53}},"6":{"start":{"line":8,"column":0},"end":{"line":8,"column":42}},"7":{"start":{"line":9,"column":0},"end":{"line":9,"column":72}},"8":{"start":{"line":10,"column":0},"end":{"line":10,"column":51}},"9":{"start":{"line":13,"column":18},"end":{"line":16,"column":2}},"10":{"start":{"line":18,"column":18},"end":{"line":27,"column":2}},"11":{"start":{"line":24,"column":12},"end":{"line":24,"column":27}},"12":{"start":{"line":30,"column":20},"end":{"line":43,"column":2}},"13":{"start":{"line":31,"column":4},"end":{"line":42,"column":11}},"14":{"start":{"line":36,"column":20},"end":{"line":36,"column":74}},"15":{"start":{"line":39,"column":20},"end":{"line":39,"column":74}},"16":{"start":{"line":47,"column":8},"end":{"line":47,"column":33}},"17":{"start":{"line":50,"column":8},"end":{"line":50,"column":53}},"18":{"start":{"line":55,"column":4},"end":{"line":66,"column":7}},"19":{"start":{"line":61,"column":16},"end":{"line":63,"column":null}},"20":{"start":{"line":62,"column":20},"end":{"line":62,"column":45}},"21":{"start":{"line":54,"column":0},"end":{"line":54,"column":24}}},"fnMap":{"0":{"name":"(anonymous_0)","decl":{"start":{"line":23,"column":15},"end":{"line":23,"column":17}},"loc":{"start":{"line":23,"column":19},"end":{"line":25,"column":9}}},"1":{"name":"(anonymous_1)","decl":{"start":{"line":30,"column":35},"end":{"line":30,"column":39}},"loc":{"start":{"line":30,"column":42},"end":{"line":43,"column":1}}},"2":{"name":"(anonymous_2)","decl":{"start":{"line":35,"column":23},"end":{"line":35,"column":24}},"loc":{"start":{"line":35,"column":26},"end":{"line":37,"column":17}}},"3":{"name":"(anonymous_3)","decl":{"start":{"line":38,"column":22},"end":{"line":38,"column":23}},"loc":{"start":{"line":38,"column":25},"end":{"line":40,"column":17}}},"4":{"name":"(anonymous_4)","decl":{"start":{"line":46,"column":4},"end":{"line":46,"column":10}},"loc":{"start":{"line":46,"column":10},"end":{"line":48,"column":5}}},"5":{"name":"(anonymous_5)","decl":{"start":{"line":49,"column":4},"end":{"line":49,"column":16}},"loc":{"start":{"line":49,"column":73},"end":{"line":51,"column":5}}},"6":{"name":"createRegistrationPage","decl":{"start":{"line":54,"column":24},"end":{"line":54,"column":46}},"loc":{"start":{"line":54,"column":46},"end":{"line":67,"column":1}}},"7":{"name":"(anonymous_7)","decl":{"start":{"line":60,"column":20},"end":{"line":60,"column":21}},"loc":{"start":{"line":60,"column":24},"end":{"line":64,"column":13}}}},"branchMap":{"0":{"loc":{"start":{"line":49,"column":16},"end":{"line":49,"column":27}},"type":"default-arg","locations":[{"start":{"line":49,"column":22},"end":{"line":49,"column":27}}]},"1":{"loc":{"start":{"line":49,"column":29},"end":{"line":49,"column":73}},"type":"default-arg","locations":[{"start":{"line":49,"column":71},"end":{"line":49,"column":73}}]},"2":{"loc":{"start":{"line":61,"column":16},"end":{"line":63,"column":null}},"type":"if","locations":[{"start":{"line":61,"column":16},"end":{"line":63,"column":null}}]}},"s":{"0":1,"1":1,"2":1,"3":1,"4":1,"5":1,"6":1,"7":1,"8":1,"9":1,"10":1,"11":0,"12":1,"13":7,"14":0,"15":0,"16":4,"17":1,"18":1,"19":0,"20":0,"21":1},"f":{"0":0,"1":7,"2":0,"3":0,"4":4,"5":1,"6":1,"7":0},"b":{"0":[0],"1":[0],"2":[0]}}
,"C:\\Users\\tzhovtyy\\Desktop\\chat\\src\\pages\\registration\\renderData.ts": {"path":"C:\\Users\\tzhovtyy\\Desktop\\chat\\src\\pages\\registration\\renderData.ts","statementMap":{"0":{"start":{"line":1,"column":13},"end":{"line":32,"column":2}}},"fnMap":{},"branchMap":{},"s":{"0":1},"f":{},"b":{}}
,"C:\\Users\\tzhovtyy\\Desktop\\chat\\src\\pages\\registration\\tpl.ts": {"path":"C:\\Users\\tzhovtyy\\Desktop\\chat\\src\\pages\\registration\\tpl.ts","statementMap":{"0":{"start":{"line":1,"column":12},"end":{"line":6,"column":9}},"1":{"start":{"line":7,"column":0},"end":{"line":7,"column":19}}},"fnMap":{},"branchMap":{},"s":{"0":1,"1":1},"f":{},"b":{}}
,"C:\\Users\\tzhovtyy\\Desktop\\chat\\src\\services\\block.ts": {"path":"C:\\Users\\tzhovtyy\\Desktop\\chat\\src\\services\\block.ts","statementMap":{"0":{"start":{"line":1,"column":0},"end":{"line":1,"column":34}},"1":{"start":{"line":2,"column":0},"end":{"line":2,"column":36}},"2":{"start":{"line":3,"column":0},"end":{"line":3,"column":36}},"3":{"start":{"line":5,"column":0},"end":{"line":5,"column":40}},"4":{"start":{"line":25,"column":35},"end":{"line":25,"column":81}},"5":{"start":{"line":26,"column":8},"end":{"line":26,"column":40}},"6":{"start":{"line":28,"column":8},"end":{"line":28,"column":30}},"7":{"start":{"line":29,"column":8},"end":{"line":29,"column":73}},"8":{"start":{"line":30,"column":8},"end":{"line":30,"column":32}},"9":{"start":{"line":31,"column":8},"end":{"line":31,"column":50}},"10":{"start":{"line":32,"column":8},"end":{"line":32,"column":35}},"11":{"start":{"line":34,"column":8},"end":{"line":34,"column":31}},"12":{"start":{"line":35,"column":8},"end":{"line":35,"column":47}},"13":{"start":{"line":39,"column":8},"end":{"line":39,"column":67}},"14":{"start":{"line":40,"column":8},"end":{"line":40,"column":85}},"15":{"start":{"line":41,"column":8},"end":{"line":41,"column":86}},"16":{"start":{"line":42,"column":8},"end":{"line":42,"column":77}},"17":{"start":{"line":47,"column":8},"end":{"line":47,"column":68}},"18":{"start":{"line":48,"column":8},"end":{"line":48,"column":51}},"19":{"start":{"line":52,"column":24},"end":{"line":52,"column":51}},"20":{"start":{"line":53,"column":8},"end":{"line":53,"column":23}},"21":{"start":{"line":57,"column":27},"end":{"line":57,"column":40}},"22":{"start":{"line":58,"column":8},"end":{"line":58,"column":28}},"23":{"start":{"line":59,"column":8},"end":{"line":59,"column":37}},"24":{"start":{"line":60,"column":8},"end":{"line":60,"column":41}},"25":{"start":{"line":61,"column":8},"end":{"line":61,"column":25}},"26":{"start":{"line":62,"column":8},"end":{"line":62,"column":57}},"27":{"start":{"line":66,"column":8},"end":{"line":66,"column":45}},"28":{"start":{"line":70,"column":30},"end":{"line":70,"column":41}},"29":{"start":{"line":71,"column":8},"end":{"line":80,"column":11}},"30":{"start":{"line":74,"column":12},"end":{"line":79,"column":null}},"31":{"start":{"line":75,"column":30},"end":{"line":75,"column":66}},"32":{"start":{"line":76,"column":16},"end":{"line":76,"column":60}},"33":{"start":{"line":78,"column":16},"end":{"line":78,"column":67}},"34":{"start":{"line":83,"column":30},"end":{"line":83,"column":41}},"35":{"start":{"line":84,"column":8},"end":{"line":93,"column":11}},"36":{"start":{"line":85,"column":12},"end":{"line":92,"column":null}},"37":{"start":{"line":86,"column":30},"end":{"line":86,"column":66}},"38":{"start":{"line":87,"column":16},"end":{"line":89,"column":null}},"39":{"start":{"line":88,"column":20},"end":{"line":88,"column":66}},"40":{"start":{"line":91,"column":16},"end":{"line":91,"column":70}},"41":{"start":{"line":97,"column":45},"end":{"line":97,"column":47}},"42":{"start":{"line":99,"column":40},"end":{"line":99,"column":42}},"43":{"start":{"line":100,"column":8},"end":{"line":108,"column":11}},"44":{"start":{"line":102,"column":12},"end":{"line":107,"column":null}},"45":{"start":{"line":103,"column":16},"end":{"line":103,"column":73}},"46":{"start":{"line":106,"column":16},"end":{"line":106,"column":51}},"47":{"start":{"line":109,"column":8},"end":{"line":109,"column":33}},"48":{"start":{"line":113,"column":8},"end":{"line":115,"column":null}},"49":{"start":{"line":114,"column":12},"end":{"line":114,"column":32}},"50":{"start":{"line":117,"column":8},"end":{"line":123,"column":11}},"51":{"start":{"line":118,"column":12},"end":{"line":122,"column":null}},"52":{"start":{"line":119,"column":16},"end":{"line":119,"column":70}},"53":{"start":{"line":121,"column":16},"end":{"line":121,"column":67}},"54":{"start":{"line":125,"column":46},"end":{"line":125,"column":84}},"55":{"start":{"line":126,"column":8},"end":{"line":126,"column":65}},"56":{"start":{"line":128,"column":8},"end":{"line":149,"column":11}},"57":{"start":{"line":129,"column":12},"end":{"line":148,"column":null}},"58":{"start":{"line":130,"column":48},"end":{"line":130,"column":86}},"59":{"start":{"line":131,"column":16},"end":{"line":137,"column":null}},"60":{"start":{"line":132,"column":20},"end":{"line":134,"column":23}},"61":{"start":{"line":133,"column":24},"end":{"line":133,"column":65}},"62":{"start":{"line":136,"column":20},"end":{"line":136,"column":35}},"63":{"start":{"line":139,"column":29},"end":{"line":139,"column":90}},"64":{"start":{"line":140,"column":16},"end":{"line":142,"column":null}},"65":{"start":{"line":141,"column":20},"end":{"line":141,"column":49}},"66":{"start":{"line":144,"column":29},"end":{"line":144,"column":87}},"67":{"start":{"line":145,"column":16},"end":{"line":147,"column":null}},"68":{"start":{"line":146,"column":20},"end":{"line":146,"column":57}},"69":{"start":{"line":150,"column":8},"end":{"line":150,"column":32}},"70":{"start":{"line":154,"column":8},"end":{"line":154,"column":54}},"71":{"start":{"line":155,"column":8},"end":{"line":155,"column":33}},"72":{"start":{"line":156,"column":8},"end":{"line":160,"column":11}},"73":{"start":{"line":157,"column":12},"end":{"line":159,"column":null}},"74":{"start":{"line":158,"column":16},"end":{"line":158,"column":50}},"75":{"start":{"line":163,"column":8},"end":{"line":163,"column":20}},"76":{"start":{"line":167,"column":8},"end":{"line":167,"column":51}},"77":{"start":{"line":168,"column":8},"end":{"line":170,"column":null}},"78":{"start":{"line":169,"column":12},"end":{"line":169,"column":58}},"79":{"start":{"line":174,"column":25},"end":{"line":174,"column":66}},"80":{"start":{"line":175,"column":8},"end":{"line":178,"column":null}},"81":{"start":{"line":176,"column":12},"end":{"line":176,"column":38}},"82":{"start":{"line":177,"column":12},"end":{"line":177,"column":58}},"83":{"start":{"line":181,"column":8},"end":{"line":181,"column":15}},"84":{"start":{"line":185,"column":8},"end":{"line":187,"column":null}},"85":{"start":{"line":186,"column":12},"end":{"line":186,"column":25}},"86":{"start":{"line":188,"column":8},"end":{"line":188,"column":20}},"87":{"start":{"line":193,"column":34},"end":{"line":193,"column":72}},"88":{"start":{"line":194,"column":8},"end":{"line":196,"column":null}},"89":{"start":{"line":195,"column":12},"end":{"line":195,"column":52}},"90":{"start":{"line":197,"column":8},"end":{"line":199,"column":null}},"91":{"start":{"line":198,"column":12},"end":{"line":198,"column":46}},"92":{"start":{"line":204,"column":21},"end":{"line":204,"column":25}},"93":{"start":{"line":205,"column":8},"end":{"line":216,"column":11}},"94":{"start":{"line":207,"column":30},"end":{"line":207,"column":42}},"95":{"start":{"line":208,"column":16},"end":{"line":208,"column":80}},"96":{"start":{"line":211,"column":28},"end":{"line":211,"column":40}},"97":{"start":{"line":212,"column":16},"end":{"line":212,"column":37}},"98":{"start":{"line":213,"column":16},"end":{"line":213,"column":71}},"99":{"start":{"line":214,"column":16},"end":{"line":214,"column":28}},"100":{"start":{"line":217,"column":8},"end":{"line":217,"column":21}},"101":{"start":{"line":221,"column":8},"end":{"line":221,"column":29}},"102":{"start":{"line":225,"column":8},"end":{"line":225,"column":45}},"103":{"start":{"line":229,"column":8},"end":{"line":229,"column":45}},"104":{"start":{"line":7,"column":0},"end":{"line":7,"column":21}},"105":{"start":{"line":8,"column":11},"end":{"line":13,"column":6}}},"fnMap":{"0":{"name":"(anonymous_0)","decl":{"start":{"line":23,"column":4},"end":{"line":23,"column":16}},"loc":{"start":{"line":23,"column":89},"end":{"line":36,"column":5}}},"1":{"name":"(anonymous_1)","decl":{"start":{"line":38,"column":4},"end":{"line":38,"column":19}},"loc":{"start":{"line":38,"column":19},"end":{"line":43,"column":5}}},"2":{"name":"(anonymous_2)","decl":{"start":{"line":46,"column":4},"end":{"line":46,"column":8}},"loc":{"start":{"line":46,"column":8},"end":{"line":49,"column":5}}},"3":{"name":"(anonymous_3)","decl":{"start":{"line":51,"column":4},"end":{"line":51,"column":25}},"loc":{"start":{"line":51,"column":37},"end":{"line":54,"column":5}}},"4":{"name":"(anonymous_4)","decl":{"start":{"line":56,"column":4},"end":{"line":56,"column":11}},"loc":{"start":{"line":56,"column":11},"end":{"line":63,"column":5}}},"5":{"name":"(anonymous_5)","decl":{"start":{"line":65,"column":4},"end":{"line":65,"column":10}},"loc":{"start":{"line":65,"column":10},"end":{"line":67,"column":5}}},"6":{"name":"(anonymous_6)","decl":{"start":{"line":69,"column":4},"end":{"line":69,"column":13}},"loc":{"start":{"line":69,"column":13},"end":{"line":81,"column":5}}},"7":{"name":"(anonymous_7)","decl":{"start":{"line":71,"column":36},"end":{"line":71,"column":37}},"loc":{"start":{"line":71,"column":45},"end":{"line":80,"column":9}}},"8":{"name":"(anonymous_8)","decl":{"start":{"line":82,"column":4},"end":{"line":82,"column":16}},"loc":{"start":{"line":82,"column":16},"end":{"line":94,"column":5}}},"9":{"name":"(anonymous_9)","decl":{"start":{"line":84,"column":36},"end":{"line":84,"column":37}},"loc":{"start":{"line":84,"column":45},"end":{"line":93,"column":9}}},"10":{"name":"(anonymous_10)","decl":{"start":{"line":96,"column":4},"end":{"line":96,"column":27}},"loc":{"start":{"line":96,"column":66},"end":{"line":110,"column":5}}},"11":{"name":"(anonymous_11)","decl":{"start":{"line":100,"column":46},"end":{"line":100,"column":49}},"loc":{"start":{"line":100,"column":52},"end":{"line":108,"column":9}}},"12":{"name":"(anonymous_12)","decl":{"start":{"line":112,"column":4},"end":{"line":112,"column":11}},"loc":{"start":{"line":112,"column":59},"end":{"line":151,"column":5}}},"13":{"name":"(anonymous_13)","decl":{"start":{"line":117,"column":47},"end":{"line":117,"column":48}},"loc":{"start":{"line":117,"column":64},"end":{"line":123,"column":9}}},"14":{"name":"(anonymous_14)","decl":{"start":{"line":128,"column":46},"end":{"line":128,"column":51}},"loc":{"start":{"line":128,"column":54},"end":{"line":149,"column":9}}},"15":{"name":"(anonymous_15)","decl":{"start":{"line":132,"column":34},"end":{"line":132,"column":37}},"loc":{"start":{"line":132,"column":40},"end":{"line":134,"column":21}}},"16":{"name":"(anonymous_16)","decl":{"start":{"line":153,"column":4},"end":{"line":153,"column":22}},"loc":{"start":{"line":153,"column":22},"end":{"line":161,"column":5}}},"17":{"name":"(anonymous_17)","decl":{"start":{"line":156,"column":46},"end":{"line":156,"column":51}},"loc":{"start":{"line":156,"column":54},"end":{"line":160,"column":9}}},"18":{"name":"(anonymous_18)","decl":{"start":{"line":162,"column":4},"end":{"line":162,"column":21}},"loc":{"start":{"line":162,"column":21},"end":{"line":164,"column":5}}},"19":{"name":"(anonymous_19)","decl":{"start":{"line":166,"column":4},"end":{"line":166,"column":29}},"loc":{"start":{"line":166,"column":29},"end":{"line":171,"column":5}}},"20":{"name":"(anonymous_20)","decl":{"start":{"line":173,"column":4},"end":{"line":173,"column":23}},"loc":{"start":{"line":173,"column":88},"end":{"line":179,"column":5}}},"21":{"name":"(anonymous_21)","decl":{"start":{"line":180,"column":4},"end":{"line":180,"column":22}},"loc":{"start":{"line":180,"column":22},"end":{"line":182,"column":5}}},"22":{"name":"(anonymous_22)","decl":{"start":{"line":184,"column":4},"end":{"line":184,"column":20}},"loc":{"start":{"line":184,"column":85},"end":{"line":190,"column":5}}},"23":{"name":"(anonymous_23)","decl":{"start":{"line":192,"column":4},"end":{"line":192,"column":12}},"loc":{"start":{"line":192,"column":44},"end":{"line":200,"column":5}}},"24":{"name":"(anonymous_24)","decl":{"start":{"line":202,"column":4},"end":{"line":202,"column":19}},"loc":{"start":{"line":202,"column":48},"end":{"line":218,"column":5}}},"25":{"name":"(anonymous_25)","decl":{"start":{"line":206,"column":12},"end":{"line":206,"column":15}},"loc":{"start":{"line":206,"column":36},"end":{"line":209,"column":13}}},"26":{"name":"(anonymous_26)","decl":{"start":{"line":210,"column":12},"end":{"line":210,"column":15}},"loc":{"start":{"line":210,"column":100},"end":{"line":215,"column":13}}},"27":{"name":"(anonymous_27)","decl":{"start":{"line":220,"column":4},"end":{"line":220,"column":14}},"loc":{"start":{"line":220,"column":14},"end":{"line":222,"column":5}}},"28":{"name":"(anonymous_28)","decl":{"start":{"line":224,"column":4},"end":{"line":224,"column":8}},"loc":{"start":{"line":224,"column":8},"end":{"line":226,"column":5}}},"29":{"name":"(anonymous_29)","decl":{"start":{"line":228,"column":4},"end":{"line":228,"column":8}},"loc":{"start":{"line":228,"column":8},"end":{"line":230,"column":5}}}},"branchMap":{"0":{"loc":{"start":{"line":23,"column":16},"end":{"line":23,"column":27}},"type":"default-arg","locations":[{"start":{"line":23,"column":22},"end":{"line":23,"column":27}}]},"1":{"loc":{"start":{"line":23,"column":29},"end":{"line":23,"column":73}},"type":"default-arg","locations":[{"start":{"line":23,"column":71},"end":{"line":23,"column":73}}]},"2":{"loc":{"start":{"line":23,"column":75},"end":{"line":23,"column":89}},"type":"default-arg","locations":[{"start":{"line":23,"column":87},"end":{"line":23,"column":89}}]},"3":{"loc":{"start":{"line":47,"column":51},"end":{"line":47,"column":66}},"type":"cond-expr","locations":[{"start":{"line":47,"column":61},"end":{"line":47,"column":63}},{"start":{"line":47,"column":61},"end":{"line":47,"column":66}}]},"4":{"loc":{"start":{"line":47,"column":51},"end":{"line":47,"column":63}},"type":"binary-expr","locations":[{"start":{"line":47,"column":51},"end":{"line":47,"column":63}},{"start":{"line":47,"column":61},"end":{"line":47,"column":63}}]},"5":{"loc":{"start":{"line":70,"column":15},"end":{"line":70,"column":26}},"type":"default-arg","locations":[{"start":{"line":70,"column":24},"end":{"line":70,"column":26}}]},"6":{"loc":{"start":{"line":74,"column":12},"end":{"line":79,"column":null}},"type":"if","locations":[{"start":{"line":74,"column":12},"end":{"line":79,"column":null}},{"start":{"line":77,"column":19},"end":{"line":79,"column":null}}]},"7":{"loc":{"start":{"line":74,"column":15},"end":{"line":74,"column":50}},"type":"binary-expr","locations":[{"start":{"line":74,"column":15},"end":{"line":74,"column":30}},{"start":{"line":74,"column":34},"end":{"line":74,"column":50}}]},"8":{"loc":{"start":{"line":83,"column":15},"end":{"line":83,"column":26}},"type":"default-arg","locations":[{"start":{"line":83,"column":24},"end":{"line":83,"column":26}}]},"9":{"loc":{"start":{"line":85,"column":12},"end":{"line":92,"column":null}},"type":"if","locations":[{"start":{"line":85,"column":12},"end":{"line":92,"column":null}},{"start":{"line":90,"column":19},"end":{"line":92,"column":null}}]},"10":{"loc":{"start":{"line":85,"column":15},"end":{"line":85,"column":50}},"type":"binary-expr","locations":[{"start":{"line":85,"column":15},"end":{"line":85,"column":30}},{"start":{"line":85,"column":34},"end":{"line":85,"column":50}}]},"11":{"loc":{"start":{"line":87,"column":16},"end":{"line":89,"column":null}},"type":"if","locations":[{"start":{"line":87,"column":16},"end":{"line":89,"column":null}}]},"12":{"loc":{"start":{"line":102,"column":12},"end":{"line":107,"column":null}},"type":"if","locations":[{"start":{"line":102,"column":12},"end":{"line":107,"column":null}},{"start":{"line":105,"column":19},"end":{"line":107,"column":null}}]},"13":{"loc":{"start":{"line":102,"column":15},"end":{"line":102,"column":160}},"type":"binary-expr","locations":[{"start":{"line":102,"column":15},"end":{"line":102,"column":53}},{"start":{"line":102,"column":58},"end":{"line":102,"column":94}},{"start":{"line":102,"column":99},"end":{"line":102,"column":159}}]},"14":{"loc":{"start":{"line":113,"column":8},"end":{"line":115,"column":null}},"type":"if","locations":[{"start":{"line":113,"column":8},"end":{"line":115,"column":null}}]},"15":{"loc":{"start":{"line":118,"column":12},"end":{"line":122,"column":null}},"type":"if","locations":[{"start":{"line":118,"column":12},"end":{"line":122,"column":null}},{"start":{"line":120,"column":19},"end":{"line":122,"column":null}}]},"16":{"loc":{"start":{"line":129,"column":12},"end":{"line":148,"column":null}},"type":"if","locations":[{"start":{"line":129,"column":12},"end":{"line":148,"column":null}},{"start":{"line":143,"column":19},"end":{"line":148,"column":null}}]},"17":{"loc":{"start":{"line":140,"column":16},"end":{"line":142,"column":null}},"type":"if","locations":[{"start":{"line":140,"column":16},"end":{"line":142,"column":null}}]},"18":{"loc":{"start":{"line":145,"column":16},"end":{"line":147,"column":null}},"type":"if","locations":[{"start":{"line":145,"column":16},"end":{"line":147,"column":null}}]},"19":{"loc":{"start":{"line":157,"column":12},"end":{"line":159,"column":null}},"type":"if","locations":[{"start":{"line":157,"column":12},"end":{"line":159,"column":null}}]},"20":{"loc":{"start":{"line":168,"column":8},"end":{"line":170,"column":null}},"type":"if","locations":[{"start":{"line":168,"column":8},"end":{"line":170,"column":null}}]},"21":{"loc":{"start":{"line":175,"column":8},"end":{"line":178,"column":null}},"type":"if","locations":[{"start":{"line":175,"column":8},"end":{"line":178,"column":null}}]},"22":{"loc":{"start":{"line":185,"column":8},"end":{"line":187,"column":null}},"type":"if","locations":[{"start":{"line":185,"column":8},"end":{"line":187,"column":null}}]},"23":{"loc":{"start":{"line":194,"column":8},"end":{"line":196,"column":null}},"type":"if","locations":[{"start":{"line":194,"column":8},"end":{"line":196,"column":null}}]},"24":{"loc":{"start":{"line":197,"column":8},"end":{"line":199,"column":null}},"type":"if","locations":[{"start":{"line":197,"column":8},"end":{"line":199,"column":null}}]},"25":{"loc":{"start":{"line":208,"column":23},"end":{"line":208,"column":79}},"type":"cond-expr","locations":[{"start":{"line":208,"column":53},"end":{"line":208,"column":71}},{"start":{"line":208,"column":74},"end":{"line":208,"column":79}}]}},"s":{"0":2,"1":2,"2":2,"3":2,"4":26,"5":26,"6":26,"7":26,"8":26,"9":26,"10":26,"11":26,"12":26,"13":26,"14":26,"15":26,"16":26,"17":26,"18":26,"19":83,"20":83,"21":49,"22":49,"23":49,"24":49,"25":49,"26":49,"27":0,"28":49,"29":49,"30":55,"31":30,"32":30,"33":25,"34":49,"35":49,"36":55,"37":30,"38":30,"39":12,"40":25,"41":29,"42":29,"43":29,"44":75,"45":7,"46":68,"47":29,"48":49,"49":49,"50":49,"51":26,"52":8,"53":18,"54":49,"55":49,"56":49,"57":26,"58":8,"59":8,"60":8,"61":36,"62":0,"63":8,"64":8,"65":8,"66":18,"67":18,"68":18,"69":49,"70":30,"71":30,"72":30,"73":6,"74":4,"75":30,"76":4,"77":4,"78":0,"79":38,"80":38,"81":19,"82":19,"83":19,"84":38,"85":19,"86":19,"87":3,"88":3,"89":1,"90":3,"91":2,"92":52,"93":52,"94":344,"95":344,"96":38,"97":38,"98":38,"99":38,"100":52,"101":60,"102":7,"103":12,"104":2,"105":2},"f":{"0":26,"1":26,"2":26,"3":83,"4":49,"5":0,"6":49,"7":55,"8":49,"9":55,"10":29,"11":75,"12":49,"13":26,"14":26,"15":36,"16":30,"17":6,"18":30,"19":4,"20":38,"21":19,"22":38,"23":3,"24":52,"25":344,"26":38,"27":60,"28":7,"29":12},"b":{"0":[0],"1":[0],"2":[0],"3":[0,26],"4":[26,26],"5":[11],"6":[30,25],"7":[55,40],"8":[11],"9":[30,25],"10":[55,40],"11":[12],"12":[7,68],"13":[75,70,2],"14":[49],"15":[8,18],"16":[8,18],"17":[8],"18":[18],"19":[4],"20":[0],"21":[19],"22":[19],"23":[1],"24":[2],"25":[0,344]}}
,"C:\\Users\\tzhovtyy\\Desktop\\chat\\src\\services\\consts.ts": {"path":"C:\\Users\\tzhovtyy\\Desktop\\chat\\src\\services\\consts.ts","statementMap":{"0":{"start":{"line":1,"column":13},"end":{"line":1,"column":59}},"1":{"start":{"line":2,"column":13},"end":{"line":2,"column":47}},"2":{"start":{"line":3,"column":13},"end":{"line":3,"column":32}}},"fnMap":{},"branchMap":{},"s":{"0":1,"1":1,"2":1},"f":{},"b":{}}
,"C:\\Users\\tzhovtyy\\Desktop\\chat\\src\\services\\eventbus.ts": {"path":"C:\\Users\\tzhovtyy\\Desktop\\chat\\src\\services\\eventbus.ts","statementMap":{"0":{"start":{"line":7,"column":8},"end":{"line":7,"column":28}},"1":{"start":{"line":11,"column":8},"end":{"line":13,"column":null}},"2":{"start":{"line":12,"column":12},"end":{"line":12,"column":39}},"3":{"start":{"line":14,"column":8},"end":{"line":14,"column":45}},"4":{"start":{"line":18,"column":8},"end":{"line":20,"column":null}},"5":{"start":{"line":19,"column":12},"end":{"line":19,"column":53}},"6":{"start":{"line":21,"column":8},"end":{"line":23,"column":10}},"7":{"start":{"line":22,"column":24},"end":{"line":22,"column":45}},"8":{"start":{"line":27,"column":8},"end":{"line":29,"column":null}},"9":{"start":{"line":28,"column":12},"end":{"line":28,"column":53}},"10":{"start":{"line":31,"column":8},"end":{"line":33,"column":11}},"11":{"start":{"line":32,"column":12},"end":{"line":32,"column":30}},"12":{"start":{"line":4,"column":0},"end":{"line":4,"column":21}}},"fnMap":{"0":{"name":"(anonymous_0)","decl":{"start":{"line":6,"column":4},"end":{"line":6,"column":null}},"loc":{"start":{"line":6,"column":4},"end":{"line":8,"column":5}}},"1":{"name":"(anonymous_1)","decl":{"start":{"line":10,"column":4},"end":{"line":10,"column":6}},"loc":{"start":{"line":10,"column":41},"end":{"line":15,"column":5}}},"2":{"name":"(anonymous_2)","decl":{"start":{"line":17,"column":4},"end":{"line":17,"column":7}},"loc":{"start":{"line":17,"column":42},"end":{"line":24,"column":5}}},"3":{"name":"(anonymous_3)","decl":{"start":{"line":22,"column":12},"end":{"line":22,"column":20}},"loc":{"start":{"line":22,"column":24},"end":{"line":22,"column":45}}},"4":{"name":"(anonymous_4)","decl":{"start":{"line":26,"column":4},"end":{"line":26,"column":8}},"loc":{"start":{"line":26,"column":56},"end":{"line":34,"column":5}}},"5":{"name":"(anonymous_5)","decl":{"start":{"line":31,"column":38},"end":{"line":31,"column":47}},"loc":{"start":{"line":31,"column":55},"end":{"line":33,"column":9}}}},"branchMap":{"0":{"loc":{"start":{"line":11,"column":8},"end":{"line":13,"column":null}},"type":"if","locations":[{"start":{"line":11,"column":8},"end":{"line":13,"column":null}}]},"1":{"loc":{"start":{"line":18,"column":8},"end":{"line":20,"column":null}},"type":"if","locations":[{"start":{"line":18,"column":8},"end":{"line":20,"column":null}}]},"2":{"loc":{"start":{"line":27,"column":8},"end":{"line":29,"column":null}},"type":"if","locations":[{"start":{"line":27,"column":8},"end":{"line":29,"column":null}}]}},"s":{"0":27,"1":110,"2":105,"3":110,"4":0,"5":0,"6":0,"7":0,"8":143,"9":0,"10":143,"11":143,"12":2},"f":{"0":27,"1":110,"2":0,"3":0,"4":143,"5":143},"b":{"0":[105],"1":[0],"2":[0]}}
,"C:\\Users\\tzhovtyy\\Desktop\\chat\\src\\services\\formvalidator.ts": {"path":"C:\\Users\\tzhovtyy\\Desktop\\chat\\src\\services\\formvalidator.ts","statementMap":{"0":{"start":{"line":4,"column":12},"end":{"line":12,"column":6}},"1":{"start":{"line":13,"column":12},"end":{"line":23,"column":6}},"2":{"start":{"line":26,"column":32},"end":{"line":26,"column":42}},"3":{"start":{"line":27,"column":8},"end":{"line":30,"column":null}},"4":{"start":{"line":28,"column":12},"end":{"line":28,"column":75}},"5":{"start":{"line":29,"column":12},"end":{"line":29,"column":25}},"6":{"start":{"line":32,"column":8},"end":{"line":40,"column":null}},"7":{"start":{"line":35,"column":34},"end":{"line":35,"column":96}},"8":{"start":{"line":36,"column":12},"end":{"line":36,"column":56}},"9":{"start":{"line":38,"column":26},"end":{"line":38,"column":91}},"10":{"start":{"line":39,"column":12},"end":{"line":39,"column":44}},"11":{"start":{"line":42,"column":8},"end":{"line":48,"column":null}},"12":{"start":{"line":43,"column":12},"end":{"line":43,"column":45}},"13":{"start":{"line":44,"column":12},"end":{"line":44,"column":24}},"14":{"start":{"line":46,"column":12},"end":{"line":46,"column":119}},"15":{"start":{"line":47,"column":12},"end":{"line":47,"column":25}},"16":{"start":{"line":52,"column":8},"end":{"line":52,"column":34}},"17":{"start":{"line":56,"column":38},"end":{"line":57,"column":58}},"18":{"start":{"line":58,"column":8},"end":{"line":58,"column":33}},"19":{"start":{"line":62,"column":8},"end":{"line":62,"column":31}},"20":{"start":{"line":63,"column":8},"end":{"line":63,"column":53}},"21":{"start":{"line":65,"column":23},"end":{"line":66,"column":null}},"22":{"start":{"line":66,"column":23},"end":{"line":66,"column":50}},"23":{"start":{"line":68,"column":23},"end":{"line":68,"column":27}},"24":{"start":{"line":70,"column":8},"end":{"line":74,"column":11}},"25":{"start":{"line":71,"column":12},"end":{"line":73,"column":null}},"26":{"start":{"line":72,"column":16},"end":{"line":72,"column":33}},"27":{"start":{"line":75,"column":8},"end":{"line":75,"column":24}},"28":{"start":{"line":79,"column":18},"end":{"line":79,"column":37}},"29":{"start":{"line":80,"column":0},"end":{"line":80,"column":25}}},"fnMap":{"0":{"name":"(anonymous_0)","decl":{"start":{"line":2,"column":0},"end":{"line":2,"column":6}},"loc":{"start":{"line":2,"column":0},"end":{"line":77,"column":1}}},"1":{"name":"(anonymous_1)","decl":{"start":{"line":25,"column":11},"end":{"line":25,"column":24}},"loc":{"start":{"line":25,"column":48},"end":{"line":49,"column":5}}},"2":{"name":"(anonymous_2)","decl":{"start":{"line":51,"column":11},"end":{"line":51,"column":21}},"loc":{"start":{"line":51,"column":67},"end":{"line":53,"column":5}}},"3":{"name":"(anonymous_3)","decl":{"start":{"line":55,"column":12},"end":{"line":55,"column":28}},"loc":{"start":{"line":55,"column":65},"end":{"line":59,"column":5}}},"4":{"name":"(anonymous_4)","decl":{"start":{"line":61,"column":11},"end":{"line":61,"column":25}},"loc":{"start":{"line":61,"column":38},"end":{"line":76,"column":5}}},"5":{"name":"(anonymous_5)","decl":{"start":{"line":66,"column":12},"end":{"line":66,"column":19}},"loc":{"start":{"line":66,"column":23},"end":{"line":66,"column":50}}},"6":{"name":"(anonymous_6)","decl":{"start":{"line":70,"column":23},"end":{"line":70,"column":28}},"loc":{"start":{"line":70,"column":31},"end":{"line":74,"column":9}}}},"branchMap":{"0":{"loc":{"start":{"line":27,"column":8},"end":{"line":30,"column":null}},"type":"if","locations":[{"start":{"line":27,"column":8},"end":{"line":30,"column":null}}]},"1":{"loc":{"start":{"line":32,"column":8},"end":{"line":40,"column":null}},"type":"if","locations":[{"start":{"line":32,"column":8},"end":{"line":40,"column":null}},{"start":{"line":37,"column":15},"end":{"line":40,"column":null}}]},"2":{"loc":{"start":{"line":38,"column":26},"end":{"line":38,"column":91}},"type":"binary-expr","locations":[{"start":{"line":38,"column":26},"end":{"line":38,"column":57}},{"start":{"line":38,"column":61},"end":{"line":38,"column":91}}]},"3":{"loc":{"start":{"line":42,"column":8},"end":{"line":48,"column":null}},"type":"if","locations":[{"start":{"line":42,"column":8},"end":{"line":48,"column":null}},{"start":{"line":45,"column":15},"end":{"line":48,"column":null}}]},"4":{"loc":{"start":{"line":46,"column":41},"end":{"line":46,"column":116}},"type":"binary-expr","locations":[{"start":{"line":46,"column":41},"end":{"line":46,"column":77}},{"start":{"line":46,"column":81},"end":{"line":46,"column":116}}]},"5":{"loc":{"start":{"line":56,"column":38},"end":{"line":57,"column":58}},"type":"binary-expr","locations":[{"start":{"line":56,"column":38},"end":{"line":56,"column":97}},{"start":{"line":57,"column":11},"end":{"line":57,"column":58}}]},"6":{"loc":{"start":{"line":71,"column":12},"end":{"line":73,"column":null}},"type":"if","locations":[{"start":{"line":71,"column":12},"end":{"line":73,"column":null}}]}},"s":{"0":1,"1":1,"2":0,"3":0,"4":0,"5":0,"6":0,"7":0,"8":0,"9":0,"10":0,"11":0,"12":0,"13":0,"14":0,"15":0,"16":0,"17":0,"18":0,"19":0,"20":0,"21":0,"22":0,"23":0,"24":0,"25":0,"26":0,"27":0,"28":1,"29":1},"f":{"0":1,"1":0,"2":0,"3":0,"4":0,"5":0,"6":0},"b":{"0":[0],"1":[0,0],"2":[0,0],"3":[0,0],"4":[0,0],"5":[0,0],"6":[0]}}
,"C:\\Users\\tzhovtyy\\Desktop\\chat\\src\\services\\htttp-transport.ts": {"path":"C:\\Users\\tzhovtyy\\Desktop\\chat\\src\\services\\htttp-transport.ts","statementMap":{"0":{"start":{"line":1,"column":0},"end":{"line":1,"column":51}},"1":{"start":{"line":13,"column":11},"end":{"line":21,"column":6}},"2":{"start":{"line":14,"column":25},"end":{"line":14,"column":32}},"3":{"start":{"line":15,"column":22},"end":{"line":15,"column":61}},"4":{"start":{"line":16,"column":8},"end":{"line":20,"column":10}},"5":{"start":{"line":23,"column":11},"end":{"line":29,"column":6}},"6":{"start":{"line":24,"column":8},"end":{"line":28,"column":10}},"7":{"start":{"line":31,"column":11},"end":{"line":37,"column":6}},"8":{"start":{"line":32,"column":8},"end":{"line":36,"column":10}},"9":{"start":{"line":39,"column":11},"end":{"line":45,"column":6}},"10":{"start":{"line":40,"column":8},"end":{"line":44,"column":10}},"11":{"start":{"line":47,"column":12},"end":{"line":90,"column":6}},"12":{"start":{"line":53,"column":40},"end":{"line":53,"column":47}},"13":{"start":{"line":54,"column":8},"end":{"line":89,"column":11}},"14":{"start":{"line":55,"column":12},"end":{"line":58,"column":null}},"15":{"start":{"line":56,"column":16},"end":{"line":56,"column":36}},"16":{"start":{"line":57,"column":16},"end":{"line":57,"column":23}},"17":{"start":{"line":60,"column":24},"end":{"line":60,"column":44}},"18":{"start":{"line":61,"column":26},"end":{"line":61,"column":48}},"19":{"start":{"line":63,"column":12},"end":{"line":63,"column":34}},"20":{"start":{"line":65,"column":12},"end":{"line":67,"column":null}},"21":{"start":{"line":66,"column":16},"end":{"line":66,"column":70}},"22":{"start":{"line":68,"column":12},"end":{"line":68,"column":39}},"23":{"start":{"line":70,"column":12},"end":{"line":76,"column":14}},"24":{"start":{"line":71,"column":16},"end":{"line":75,"column":null}},"25":{"start":{"line":72,"column":20},"end":{"line":72,"column":33}},"26":{"start":{"line":74,"column":20},"end":{"line":74,"column":32}},"27":{"start":{"line":77,"column":12},"end":{"line":77,"column":33}},"28":{"start":{"line":78,"column":12},"end":{"line":78,"column":33}},"29":{"start":{"line":79,"column":12},"end":{"line":79,"column":34}},"30":{"start":{"line":80,"column":12},"end":{"line":80,"column":35}},"31":{"start":{"line":82,"column":12},"end":{"line":88,"column":null}},"32":{"start":{"line":83,"column":16},"end":{"line":83,"column":27}},"33":{"start":{"line":84,"column":19},"end":{"line":88,"column":null}},"34":{"start":{"line":85,"column":16},"end":{"line":85,"column":31}},"35":{"start":{"line":87,"column":16},"end":{"line":87,"column":47}},"36":{"start":{"line":11,"column":0},"end":{"line":11,"column":21}}},"fnMap":{"0":{"name":"(anonymous_0)","decl":{"start":{"line":11,"column":0},"end":{"line":11,"column":21}},"loc":{"start":{"line":11,"column":0},"end":{"line":91,"column":1}}},"1":{"name":"(anonymous_1)","decl":{"start":{"line":13,"column":28},"end":{"line":13,"column":29}},"loc":{"start":{"line":13,"column":50},"end":{"line":21,"column":5}}},"2":{"name":"(anonymous_2)","decl":{"start":{"line":23,"column":28},"end":{"line":23,"column":29}},"loc":{"start":{"line":23,"column":50},"end":{"line":29,"column":5}}},"3":{"name":"(anonymous_3)","decl":{"start":{"line":31,"column":29},"end":{"line":31,"column":30}},"loc":{"start":{"line":31,"column":51},"end":{"line":37,"column":5}}},"4":{"name":"(anonymous_4)","decl":{"start":{"line":39,"column":31},"end":{"line":39,"column":32}},"loc":{"start":{"line":39,"column":53},"end":{"line":45,"column":5}}},"5":{"name":"(anonymous_5)","decl":{"start":{"line":47,"column":34},"end":{"line":47,"column":null}},"loc":{"start":{"line":51,"column":8},"end":{"line":90,"column":5}}},"6":{"name":"(anonymous_6)","decl":{"start":{"line":54,"column":27},"end":{"line":54,"column":28}},"loc":{"start":{"line":54,"column":47},"end":{"line":89,"column":9}}},"7":{"name":"(anonymous_7)","decl":{"start":{"line":70,"column":25},"end":{"line":70,"column":null}},"loc":{"start":{"line":70,"column":25},"end":{"line":76,"column":13}}}},"branchMap":{"0":{"loc":{"start":{"line":13,"column":34},"end":{"line":13,"column":46}},"type":"default-arg","locations":[{"start":{"line":13,"column":44},"end":{"line":13,"column":46}}]},"1":{"loc":{"start":{"line":15,"column":22},"end":{"line":15,"column":61}},"type":"cond-expr","locations":[{"start":{"line":15,"column":29},"end":{"line":15,"column":55}},{"start":{"line":15,"column":58},"end":{"line":15,"column":61}}]},"2":{"loc":{"start":{"line":23,"column":34},"end":{"line":23,"column":46}},"type":"default-arg","locations":[{"start":{"line":23,"column":44},"end":{"line":23,"column":46}}]},"3":{"loc":{"start":{"line":31,"column":35},"end":{"line":31,"column":47}},"type":"default-arg","locations":[{"start":{"line":31,"column":45},"end":{"line":31,"column":47}}]},"4":{"loc":{"start":{"line":39,"column":37},"end":{"line":39,"column":49}},"type":"default-arg","locations":[{"start":{"line":39,"column":47},"end":{"line":39,"column":49}}]},"5":{"loc":{"start":{"line":49,"column":8},"end":{"line":49,"column":39}},"type":"default-arg","locations":[{"start":{"line":49,"column":18},"end":{"line":49,"column":39}}]},"6":{"loc":{"start":{"line":50,"column":8},"end":{"line":50,"column":22}},"type":"default-arg","locations":[{"start":{"line":50,"column":18},"end":{"line":50,"column":22}}]},"7":{"loc":{"start":{"line":55,"column":12},"end":{"line":58,"column":null}},"type":"if","locations":[{"start":{"line":55,"column":12},"end":{"line":58,"column":null}}]},"8":{"loc":{"start":{"line":71,"column":16},"end":{"line":75,"column":null}},"type":"if","locations":[{"start":{"line":71,"column":16},"end":{"line":75,"column":null}},{"start":{"line":73,"column":23},"end":{"line":75,"column":null}}]},"9":{"loc":{"start":{"line":71,"column":20},"end":{"line":71,"column":59}},"type":"binary-expr","locations":[{"start":{"line":71,"column":20},"end":{"line":71,"column":38}},{"start":{"line":71,"column":42},"end":{"line":71,"column":59}}]},"10":{"loc":{"start":{"line":82,"column":12},"end":{"line":88,"column":null}},"type":"if","locations":[{"start":{"line":82,"column":12},"end":{"line":88,"column":null}},{"start":{"line":84,"column":19},"end":{"line":88,"column":null}}]},"11":{"loc":{"start":{"line":82,"column":16},"end":{"line":82,"column":30}},"type":"binary-expr","locations":[{"start":{"line":82,"column":16},"end":{"line":82,"column":21}},{"start":{"line":82,"column":25},"end":{"line":82,"column":30}}]},"12":{"loc":{"start":{"line":84,"column":19},"end":{"line":88,"column":null}},"type":"if","locations":[{"start":{"line":84,"column":19},"end":{"line":88,"column":null}},{"start":{"line":86,"column":19},"end":{"line":88,"column":null}}]}},"s":{"0":2,"1":4,"2":1,"3":1,"4":1,"5":4,"6":1,"7":4,"8":1,"9":4,"10":1,"11":4,"12":4,"13":4,"14":4,"15":0,"16":0,"17":4,"18":4,"19":4,"20":4,"21":0,"22":4,"23":4,"24":4,"25":3,"26":1,"27":4,"28":4,"29":4,"30":4,"31":4,"32":2,"33":2,"34":0,"35":2,"36":2},"f":{"0":4,"1":1,"2":1,"3":1,"4":1,"5":4,"6":4,"7":4},"b":{"0":[1],"1":[0,1],"2":[0],"3":[0],"4":[1],"5":[0],"6":[4],"7":[0],"8":[3,1],"9":[4,4],"10":[2,2],"11":[4,3],"12":[0,2]}}
,"C:\\Users\\tzhovtyy\\Desktop\\chat\\src\\services\\api\\auth-api.ts": {"path":"C:\\Users\\tzhovtyy\\Desktop\\chat\\src\\services\\api\\auth-api.ts","statementMap":{"0":{"start":{"line":1,"column":0},"end":{"line":1,"column":47}},"1":{"start":{"line":3,"column":0},"end":{"line":3,"column":37}},"2":{"start":{"line":13,"column":8},"end":{"line":13,"column":48}},"3":{"start":{"line":14,"column":8},"end":{"line":14,"column":52}},"4":{"start":{"line":15,"column":8},"end":{"line":15,"column":52}},"5":{"start":{"line":16,"column":8},"end":{"line":16,"column":52}},"6":{"start":{"line":20,"column":8},"end":{"line":26,"column":11}},"7":{"start":{"line":30,"column":8},"end":{"line":36,"column":11}},"8":{"start":{"line":40,"column":8},"end":{"line":45,"column":11}},"9":{"start":{"line":49,"column":8},"end":{"line":54,"column":11}},"10":{"start":{"line":58,"column":0},"end":{"line":58,"column":29}}},"fnMap":{"0":{"name":"(anonymous_0)","decl":{"start":{"line":12,"column":4},"end":{"line":12,"column":null}},"loc":{"start":{"line":12,"column":4},"end":{"line":17,"column":5}}},"1":{"name":"(anonymous_1)","decl":{"start":{"line":19,"column":4},"end":{"line":19,"column":10}},"loc":{"start":{"line":19,"column":27},"end":{"line":27,"column":5}}},"2":{"name":"(anonymous_2)","decl":{"start":{"line":29,"column":4},"end":{"line":29,"column":10}},"loc":{"start":{"line":29,"column":27},"end":{"line":37,"column":5}}},"3":{"name":"(anonymous_3)","decl":{"start":{"line":39,"column":4},"end":{"line":39,"column":11}},"loc":{"start":{"line":39,"column":11},"end":{"line":46,"column":5}}},"4":{"name":"(anonymous_4)","decl":{"start":{"line":48,"column":4},"end":{"line":48,"column":10}},"loc":{"start":{"line":48,"column":10},"end":{"line":55,"column":5}}}},"branchMap":{},"s":{"0":1,"1":1,"2":1,"3":1,"4":1,"5":1,"6":0,"7":0,"8":0,"9":0,"10":1},"f":{"0":1,"1":0,"2":0,"3":0,"4":0},"b":{}}
[...]
,"C:\\Users\\tzhovtyy\\Desktop\\chat\\src\\services\\store\\index.ts": {"path":"C:\\Users\\tzhovtyy\\Desktop\\chat\\src\\services\\store\\index.ts","statementMap":{"0":{"start":{"line":1,"column":0},"end":{"line":1,"column":35}},"1":{"start":{"line":3,"column":0},"end":{"line":3,"column":34}},"2":{"start":{"line":5,"column":0},"end":{"line":5,"column":null}},"3":{"start":{"line":6,"column":4},"end":{"line":6,"column":null}},"4":{"start":{"line":15,"column":8},"end":{"line":15,"column":16}},"5":{"start":{"line":16,"column":8},"end":{"line":23,"column":null}},"6":{"start":{"line":17,"column":31},"end":{"line":17,"column":69}},"7":{"start":{"line":18,"column":12},"end":{"line":22,"column":null}},"8":{"start":{"line":19,"column":16},"end":{"line":19,"column":79}},"9":{"start":{"line":21,"column":16},"end":{"line":21,"column":31}},"10":{"start":{"line":24,"column":8},"end":{"line":27,"column":10}},"11":{"start":{"line":26,"column":20},"end":{"line":26,"column":88}},"12":{"start":{"line":31,"column":8},"end":{"line":31,"column":27}},"13":{"start":{"line":34,"column":8},"end":{"line":34,"column":38}},"14":{"start":{"line":35,"column":8},"end":{"line":35,"column":38}},"15":{"start":{"line":38,"column":8},"end":{"line":38,"column":25}},"16":{"start":{"line":39,"column":8},"end":{"line":39,"column":38}},"17":{"start":{"line":11,"column":11},"end":{"line":11,"column":35}},"18":{"start":{"line":12,"column":11},"end":{"line":12,"column":35}},"19":{"start":{"line":44,"column":0},"end":{"line":44,"column":27}}},"fnMap":{"0":{"name":"(anonymous_0)","decl":{"start":{"line":5,"column":0},"end":{"line":5,"column":12}},"loc":{"start":{"line":5,"column":23},"end":{"line":7,"column":3}}},"1":{"name":"(anonymous_1)","decl":{"start":{"line":14,"column":4},"end":{"line":14,"column":null}},"loc":{"start":{"line":14,"column":4},"end":{"line":28,"column":5}}},"2":{"name":"(anonymous_2)","decl":{"start":{"line":26,"column":12},"end":{"line":26,"column":15}},"loc":{"start":{"line":26,"column":17},"end":{"line":26,"column":89}}},"3":{"name":"(anonymous_3)","decl":{"start":{"line":30,"column":11},"end":{"line":30,"column":19}},"loc":{"start":{"line":30,"column":19},"end":{"line":32,"column":5}}},"4":{"name":"(anonymous_4)","decl":{"start":{"line":33,"column":11},"end":{"line":33,"column":19}},"loc":{"start":{"line":33,"column":48},"end":{"line":36,"column":5}}},"5":{"name":"(anonymous_5)","decl":{"start":{"line":37,"column":11},"end":{"line":37,"column":21}},"loc":{"start":{"line":37,"column":21},"end":{"line":40,"column":5}}}},"branchMap":{"0":{"loc":{"start":{"line":5,"column":12},"end":{"line":5,"column":null}},"type":"binary-expr","locations":[{"start":{"line":5,"column":12},"end":{"line":5,"column":23}},{"start":{"line":5,"column":12},"end":{"line":5,"column":null}}]},"1":{"loc":{"start":{"line":16,"column":8},"end":{"line":23,"column":null}},"type":"if","locations":[{"start":{"line":16,"column":8},"end":{"line":23,"column":null}}]},"2":{"loc":{"start":{"line":19,"column":30},"end":{"line":19,"column":78}},"type":"cond-expr","locations":[{"start":{"line":19,"column":44},"end":{"line":19,"column":72}},{"start":{"line":19,"column":76},"end":{"line":19,"column":78}}]},"3":{"loc":{"start":{"line":19,"column":44},"end":{"line":19,"column":72}},"type":"cond-expr","locations":[{"start":{"line":19,"column":66},"end":{"line":19,"column":70}},{"start":{"line":19,"column":70},"end":{"line":19,"column":72}}]},"4":{"loc":{"start":{"line":19,"column":44},"end":{"line":19,"column":70}},"type":"binary-expr","locations":[{"start":{"line":19,"column":44},"end":{"line":19,"column":70}},{"start":{"line":19,"column":66},"end":{"line":19,"column":70}}]}},"s":{"0":1,"1":1,"2":1,"3":1,"4":1,"5":1,"6":1,"7":1,"8":1,"9":0,"10":1,"11":0,"12":19,"13":0,"14":0,"15":0,"16":0,"17":1,"18":1,"19":1},"f":{"0":1,"1":1,"2":0,"3":19,"4":0,"5":0},"b":{"0":[1,1],"1":[1],"2":[0,1],"3":[0,0],"4":[0,0]}}
,"C:\\Users\\tzhovtyy\\Desktop\\chat\\src\\utils\\get-form-data.ts": {"path":"C:\\Users\\tzhovtyy\\Desktop\\chat\\src\\utils\\get-form-data.ts","statementMap":{"0":{"start":{"line":6,"column":4},"end":{"line":6,"column":23}},"1":{"start":{"line":7,"column":17},"end":{"line":7,"column":44}},"2":{"start":{"line":8,"column":19},"end":{"line":9,"column":58}},"3":{"start":{"line":9,"column":8},"end":{"line":9,"column":35}},"4":{"start":{"line":10,"column":32},"end":{"line":10,"column":34}},"5":{"start":{"line":11,"column":4},"end":{"line":15,"column":7}},"6":{"start":{"line":12,"column":8},"end":{"line":14,"column":null}},"7":{"start":{"line":13,"column":12},"end":{"line":13,"column":43}},"8":{"start":{"line":16,"column":4},"end":{"line":16,"column":16}},"9":{"start":{"line":5,"column":0},"end":{"line":5,"column":24}}},"fnMap":{"0":{"name":"getFormData","decl":{"start":{"line":5,"column":24},"end":{"line":5,"column":35}},"loc":{"start":{"line":5,"column":44},"end":{"line":17,"column":1}}},"1":{"name":"(anonymous_1)","decl":{"start":{"line":8,"column":52},"end":{"line":8,"column":59}},"loc":{"start":{"line":9,"column":8},"end":{"line":9,"column":35}}},"2":{"name":"(anonymous_2)","decl":{"start":{"line":11,"column":19},"end":{"line":11,"column":24}},"loc":{"start":{"line":11,"column":27},"end":{"line":15,"column":5}}}},"branchMap":{"0":{"loc":{"start":{"line":12,"column":8},"end":{"line":14,"column":null}},"type":"if","locations":[{"start":{"line":12,"column":8},"end":{"line":14,"column":null}}]}},"s":{"0":0,"1":0,"2":0,"3":0,"4":0,"5":0,"6":0,"7":0,"8":0,"9":1},"f":{"0":0,"1":0,"2":0},"b":{"0":[0]}}
,"C:\\Users\\tzhovtyy\\Desktop\\chat\\src\\utils\\is-equal.ts": {"path":"C:\\Users\\tzhovtyy\\Desktop\\chat\\src\\utils\\is-equal.ts","statementMap":{"0":{"start":{"line":5,"column":4},"end":{"line":13,"column":27}},"1":{"start":{"line":11,"column":10},"end":{"line":11,"column":48}},"2":{"start":{"line":16,"column":0},"end":{"line":16,"column":23}}},"fnMap":{"0":{"name":"isEqual","decl":{"start":{"line":3,"column":9},"end":{"line":3,"column":16}},"loc":{"start":{"line":3,"column":39},"end":{"line":14,"column":1}}},"1":{"name":"(anonymous_1)","decl":{"start":{"line":9,"column":28},"end":{"line":9,"column":29}},"loc":{"start":{"line":9,"column":41},"end":{"line":13,"column":7}}}},"branchMap":{"0":{"loc":{"start":{"line":5,"column":11},"end":{"line":13,"column":26}},"type":"cond-expr","locations":[{"start":{"line":7,"column":8},"end":{"line":13,"column":14}},{"start":{"line":13,"column":18},"end":{"line":13,"column":25}}]},"1":{"loc":{"start":{"line":5,"column":12},"end":{"line":5,"column":68}},"type":"binary-expr","locations":[{"start":{"line":5,"column":12},"end":{"line":5,"column":13}},{"start":{"line":5,"column":17},"end":{"line":5,"column":18}},{"start":{"line":5,"column":22},"end":{"line":5,"column":43}},{"start":{"line":5,"column":47},"end":{"line":5,"column":68}}]},"2":{"loc":{"start":{"line":7,"column":8},"end":{"line":13,"column":14}},"type":"binary-expr","locations":[{"start":{"line":7,"column":9},"end":{"line":7,"column":56}},{"start":{"line":9,"column":6},"end":{"line":13,"column":14}}]},"3":{"loc":{"start":{"line":11,"column":17},"end":{"line":11,"column":47}},"type":"binary-expr","locations":[{"start":{"line":11,"column":17},"end":{"line":11,"column":20}},{"start":{"line":11,"column":24},"end":{"line":11,"column":47}}]}},"s":{"0":38,"1":0,"2":2},"f":{"0":38,"1":0},"b":{"0":[0,38],"1":[38,20,20,0],"2":[0,0],"3":[0,0]}}
,"C:\\Users\\tzhovtyy\\Desktop\\chat\\src\\utils\\parse-chats-data.ts": {"path":"C:\\Users\\tzhovtyy\\Desktop\\chat\\src\\utils\\parse-chats-data.ts","statementMap":{"0":{"start":{"line":1,"column":0},"end":{"line":1,"column":36}},"1":{"start":{"line":9,"column":4},"end":{"line":16,"column":7}},"2":{"start":{"line":10,"column":8},"end":{"line":12,"column":null}},"3":{"start":{"line":11,"column":12},"end":{"line":11,"column":24}},"4":{"start":{"line":13,"column":8},"end":{"line":15,"column":10}},"5":{"start":{"line":8,"column":0},"end":{"line":8,"column":24}}},"fnMap":{"0":{"name":"parseChats","decl":{"start":{"line":8,"column":24},"end":{"line":8,"column":34}},"loc":{"start":{"line":8,"column":58},"end":{"line":17,"column":1}}},"1":{"name":"(anonymous_1)","decl":{"start":{"line":9,"column":19},"end":{"line":9,"column":23}},"loc":{"start":{"line":9,"column":26},"end":{"line":16,"column":5}}}},"branchMap":{"0":{"loc":{"start":{"line":10,"column":8},"end":{"line":12,"column":null}},"type":"if","locations":[{"start":{"line":10,"column":8},"end":{"line":12,"column":null}}]}},"s":{"0":1,"1":0,"2":0,"3":0,"4":0,"5":1},"f":{"0":0,"1":0},"b":{"0":[0]}}
,"C:\\Users\\tzhovtyy\\Desktop\\chat\\src\\utils\\parse-messages-data.ts": {"path":"C:\\Users\\tzhovtyy\\Desktop\\chat\\src\\utils\\parse-messages-data.ts","statementMap":{"0":{"start":{"line":2,"column":0},"end":{"line":2,"column":36}},"1":{"start":{"line":8,"column":4},"end":{"line":16,"column":null}},"2":{"start":{"line":9,"column":8},"end":{"line":12,"column":11}},"3":{"start":{"line":10,"column":33},"end":{"line":10,"column":56}},"4":{"start":{"line":11,"column":12},"end":{"line":11,"column":85}},"5":{"start":{"line":14,"column":29},"end":{"line":14,"column":51}},"6":{"start":{"line":15,"column":8},"end":{"line":15,"column":79}},"7":{"start":{"line":4,"column":0},"end":{"line":4,"column":24}}},"fnMap":{"0":{"name":"parseMessages","decl":{"start":{"line":4,"column":24},"end":{"line":4,"column":37}},"loc":{"start":{"line":6,"column":18},"end":{"line":17,"column":1}}},"1":{"name":"(anonymous_1)","decl":{"start":{"line":9,"column":23},"end":{"line":9,"column":27}},"loc":{"start":{"line":9,"column":30},"end":{"line":12,"column":9}}}},"branchMap":{"0":{"loc":{"start":{"line":8,"column":4},"end":{"line":16,"column":null}},"type":"if","locations":[{"start":{"line":8,"column":4},"end":{"line":16,"column":null}},{"start":{"line":13,"column":11},"end":{"line":16,"column":null}}]}},"s":{"0":1,"1":0,"2":0,"3":0,"4":0,"5":0,"6":0,"7":1},"f":{"0":0,"1":0},"b":{"0":[0,0]}}
,"C:\\Users\\tzhovtyy\\Desktop\\chat\\src\\utils\\parseDate.ts": {"path":"C:\\Users\\tzhovtyy\\Desktop\\chat\\src\\utils\\parseDate.ts","statementMap":{"0":{"start":{"line":2,"column":17},"end":{"line":2,"column":37}},"1":{"start":{"line":3,"column":16},"end":{"line":3,"column":30}},"2":{"start":{"line":4,"column":18},"end":{"line":4,"column":37}},"3":{"start":{"line":5,"column":17},"end":{"line":5,"column":35}},"4":{"start":{"line":6,"column":18},"end":{"line":6,"column":33}},"5":{"start":{"line":7,"column":20},"end":{"line":7,"column":37}},"6":{"start":{"line":9,"column":20},"end":{"line":9,"column":30}},"7":{"start":{"line":10,"column":23},"end":{"line":10,"column":40}},"8":{"start":{"line":11,"column":25},"end":{"line":11,"column":47}},"9":{"start":{"line":12,"column":24},"end":{"line":12,"column":45}},"10":{"start":{"line":14,"column":21},"end":{"line":14,"column":89}},"11":{"start":{"line":16,"column":4},"end":{"line":16,"column":79}},"12":{"start":{"line":1,"column":0},"end":{"line":1,"column":24}}},"fnMap":{"0":{"name":"parseDate","decl":{"start":{"line":1,"column":24},"end":{"line":1,"column":33}},"loc":{"start":{"line":1,"column":52},"end":{"line":17,"column":1}}}},"branchMap":{"0":{"loc":{"start":{"line":14,"column":21},"end":{"line":14,"column":89}},"type":"binary-expr","locations":[{"start":{"line":14,"column":21},"end":{"line":14,"column":41}},{"start":{"line":14,"column":45},"end":{"line":14,"column":67}},{"start":{"line":14,"column":71},"end":{"line":14,"column":89}}]},"1":{"loc":{"start":{"line":16,"column":12},"end":{"line":16,"column":53}},"type":"cond-expr","locations":[{"start":{"line":16,"column":22},"end":{"line":16,"column":24}},{"start":{"line":16,"column":27},"end":{"line":16,"column":53}}]}},"s":{"0":0,"1":0,"2":0,"3":0,"4":0,"5":0,"6":0,"7":0,"8":0,"9":0,"10":0,"11":0,"12":1},"f":{"0":0},"b":{"0":[0,0,0],"1":[0,0]}}
,"C:\\Users\\tzhovtyy\\Desktop\\chat\\src\\utils\\query-string.ts": {"path":"C:\\Users\\tzhovtyy\\Desktop\\chat\\src\\utils\\query-string.ts","statementMap":{"0":{"start":{"line":6,"column":4},"end":{"line":9,"column":69}},"1":{"start":{"line":13,"column":4},"end":{"line":13,"column":32}},"2":{"start":{"line":17,"column":4},"end":{"line":17,"column":50}},"3":{"start":{"line":21,"column":4},"end":{"line":21,"column":52}},"4":{"start":{"line":25,"column":39},"end":{"line":25,"column":41}},"5":{"start":{"line":27,"column":4},"end":{"line":33,"column":null}},"6":{"start":{"line":28,"column":8},"end":{"line":32,"column":null}},"7":{"start":{"line":29,"column":12},"end":{"line":29,"column":69}},"8":{"start":{"line":31,"column":12},"end":{"line":31,"column":85}},"9":{"start":{"line":35,"column":4},"end":{"line":35,"column":18}},"10":{"start":{"line":39,"column":4},"end":{"line":41,"column":null}},"11":{"start":{"line":40,"column":8},"end":{"line":40,"column":51}},"12":{"start":{"line":43,"column":4},"end":{"line":43,"column":63}},"13":{"start":{"line":43,"column":38},"end":{"line":43,"column":51}},"14":{"start":{"line":38,"column":0},"end":{"line":38,"column":24}}},"fnMap":{"0":{"name":"isPlainObject","decl":{"start":{"line":5,"column":9},"end":{"line":5,"column":22}},"loc":{"start":{"line":5,"column":37},"end":{"line":10,"column":1}}},"1":{"name":"isArray","decl":{"start":{"line":12,"column":9},"end":{"line":12,"column":16}},"loc":{"start":{"line":12,"column":31},"end":{"line":14,"column":1}}},"2":{"name":"isArrayOrObject","decl":{"start":{"line":16,"column":9},"end":{"line":16,"column":24}},"loc":{"start":{"line":16,"column":39},"end":{"line":18,"column":1}}},"3":{"name":"getKey","decl":{"start":{"line":20,"column":9},"end":{"line":20,"column":15}},"loc":{"start":{"line":20,"column":47},"end":{"line":22,"column":1}}},"4":{"name":"getParams","decl":{"start":{"line":24,"column":9},"end":{"line":24,"column":18}},"loc":{"start":{"line":24,"column":61},"end":{"line":36,"column":1}}},"5":{"name":"queryStringify","decl":{"start":{"line":38,"column":24},"end":{"line":38,"column":38}},"loc":{"start":{"line":38,"column":56},"end":{"line":44,"column":1}}},"6":{"name":"(anonymous_6)","decl":{"start":{"line":43,"column":31},"end":{"line":43,"column":34}},"loc":{"start":{"line":43,"column":38},"end":{"line":43,"column":51}}}},"branchMap":{"0":{"loc":{"start":{"line":6,"column":11},"end":{"line":9,"column":68}},"type":"binary-expr","locations":[{"start":{"line":6,"column":11},"end":{"line":6,"column":36}},{"start":{"line":7,"column":9},"end":{"line":7,"column":23}},{"start":{"line":8,"column":9},"end":{"line":8,"column":37}},{"start":{"line":9,"column":9},"end":{"line":9,"column":68}}]},"1":{"loc":{"start":{"line":17,"column":11},"end":{"line":17,"column":49}},"type":"binary-expr","locations":[{"start":{"line":17,"column":11},"end":{"line":17,"column":31}},{"start":{"line":17,"column":35},"end":{"line":17,"column":49}}]},"2":{"loc":{"start":{"line":21,"column":11},"end":{"line":21,"column":51}},"type":"cond-expr","locations":[{"start":{"line":21,"column":23},"end":{"line":21,"column":45}},{"start":{"line":21,"column":48},"end":{"line":21,"column":51}}]},"3":{"loc":{"start":{"line":28,"column":8},"end":{"line":32,"column":null}},"type":"if","locations":[{"start":{"line":28,"column":8},"end":{"line":32,"column":null}},{"start":{"line":30,"column":15},"end":{"line":32,"column":null}}]},"4":{"loc":{"start":{"line":39,"column":4},"end":{"line":41,"column":null}},"type":"if","locations":[{"start":{"line":39,"column":4},"end":{"line":41,"column":null}}]}},"s":{"0":0,"1":0,"2":0,"3":0,"4":0,"5":0,"6":0,"7":0,"8":0,"9":0,"10":0,"11":0,"12":0,"13":0,"14":2},"f":{"0":0,"1":0,"2":0,"3":0,"4":0,"5":0,"6":0},"b":{"0":[0,0,0,0],"1":[0,0],"2":[0,0],"3":[0,0],"4":[0]}}
,"C:\\Users\\tzhovtyy\\Desktop\\chat\\src\\utils\\set.ts": {"path":"C:\\Users\\tzhovtyy\\Desktop\\chat\\src\\utils\\set.ts","statementMap":{"0":{"start":{"line":5,"column":4},"end":{"line":7,"column":null}},"1":{"start":{"line":6,"column":8},"end":{"line":6,"column":22}},"2":{"start":{"line":10,"column":22},"end":{"line":10,"column":37}},"3":{"start":{"line":11,"column":8},"end":{"line":15,"column":16}},"4":{"start":{"line":11,"column":56},"end":{"line":15,"column":10}},"5":{"start":{"line":19,"column":8},"end":{"line":33,"column":null}},"6":{"start":{"line":21,"column":12},"end":{"line":23,"column":null}},"7":{"start":{"line":22,"column":16},"end":{"line":22,"column":25}},"8":{"start":{"line":24,"column":12},"end":{"line":32,"column":null}},"9":{"start":{"line":25,"column":16},"end":{"line":29,"column":null}},"10":{"start":{"line":26,"column":20},"end":{"line":26,"column":51}},"11":{"start":{"line":28,"column":20},"end":{"line":28,"column":36}},"12":{"start":{"line":31,"column":16},"end":{"line":31,"column":32}},"13":{"start":{"line":34,"column":8},"end":{"line":34,"column":19}},"14":{"start":{"line":36,"column":16},"end":{"line":36,"column":46}},"15":{"start":{"line":37,"column":4},"end":{"line":37,"column":41}},"16":{"start":{"line":40,"column":0},"end":{"line":40,"column":19}}},"fnMap":{"0":{"name":"set","decl":{"start":{"line":3,"column":9},"end":{"line":3,"column":12}},"loc":{"start":{"line":3,"column":68},"end":{"line":38,"column":1}}},"1":{"name":"buildObjWithValue","decl":{"start":{"line":9,"column":13},"end":{"line":9,"column":30}},"loc":{"start":{"line":9,"column":62},"end":{"line":16,"column":5}}},"2":{"name":"(anonymous_2)","decl":{"start":{"line":11,"column":33},"end":{"line":11,"column":34}},"loc":{"start":{"line":11,"column":56},"end":{"line":15,"column":10}}},"3":{"name":"merge","decl":{"start":{"line":18,"column":13},"end":{"line":18,"column":18}},"loc":{"start":{"line":18,"column":45},"end":{"line":35,"column":5}}}},"branchMap":{"0":{"loc":{"start":{"line":5,"column":4},"end":{"line":7,"column":null}},"type":"if","locations":[{"start":{"line":5,"column":4},"end":{"line":7,"column":null}}]},"1":{"loc":{"start":{"line":5,"column":8},"end":{"line":5,"column":76}},"type":"binary-expr","locations":[{"start":{"line":5,"column":8},"end":{"line":5,"column":34}},{"start":{"line":5,"column":38},"end":{"line":5,"column":53}},{"start":{"line":5,"column":57},"end":{"line":5,"column":76}}]},"2":{"loc":{"start":{"line":9,"column":44},"end":{"line":9,"column":62}},"type":"default-arg","locations":[{"start":{"line":9,"column":60},"end":{"line":9,"column":62}}]},"3":{"loc":{"start":{"line":12,"column":20},"end":{"line":14,"column":21}},"type":"cond-expr","locations":[{"start":{"line":13,"column":18},"end":{"line":13,"column":23}},{"start":{"line":14,"column":18},"end":{"line":14,"column":21}}]},"4":{"loc":{"start":{"line":21,"column":12},"end":{"line":23,"column":null}},"type":"if","locations":[{"start":{"line":21,"column":12},"end":{"line":23,"column":null}}]},"5":{"loc":{"start":{"line":25,"column":16},"end":{"line":29,"column":null}},"type":"if","locations":[{"start":{"line":25,"column":16},"end":{"line":29,"column":null}},{"start":{"line":27,"column":23},"end":{"line":29,"column":null}}]}},"s":{"0":0,"1":0,"2":0,"3":0,"4":0,"5":0,"6":0,"7":0,"8":0,"9":0,"10":0,"11":0,"12":0,"13":0,"14":0,"15":0,"16":1},"f":{"0":0,"1":0,"2":0,"3":0},"b":{"0":[0],"1":[0,0,0],"2":[0],"3":[0,0],"4":[0],"5":[0,0]}}
}
