TN:
SF:src\components\button\index.ts
FN:7,(anonymous_0)
FN:13,(anonymous_1)
FNF:2
FNH:2
FNDA:6,(anonymous_0)
FNDA:13,(anonymous_1)
DA:1,2
DA:2,2
DA:3,2
DA:6,2
DA:8,6
DA:9,6
DA:10,3
DA:14,13
LF:8
LH:8
BRDA:7,0,0,0
BRDA:7,1,0,0
BRDA:7,2,0,5
BRDA:9,3,0,3
BRF:4
BRH:2
end_of_record
TN:
SF:src\components\button\tpl.ts
FNF:0
FNH:0
DA:1,2
DA:2,2
LF:2
LH:2
BRF:0
BRH:0
end_of_record
TN:
SF:src\components\chat-actions\index.ts
FN:7,(anonymous_0)
FN:10,(anonymous_1)
FNF:2
FNH:2
FNDA:1,(anonymous_0)
FNDA:1,(anonymous_1)
DA:1,1
DA:2,1
DA:3,1
DA:6,1
DA:8,1
DA:11,1
LF:6
LH:6
BRDA:7,0,0,0
BRDA:7,1,0,0
BRF:2
BRH:0
end_of_record
TN:
SF:src\components\chat-actions\tpl.ts
FNF:0
FNH:0
DA:1,1
DA:8,1
LF:2
LH:2
BRF:0
BRH:0
end_of_record
TN:
SF:src\components\chat-add-user\index.ts
FN:8,(anonymous_0)
FN:11,(anonymous_1)
FNF:2
FNH:2
FNDA:1,(anonymous_0)
FNDA:1,(anonymous_1)
DA:1,1
DA:2,1
DA:3,1
DA:5,1
DA:9,1
DA:12,1
DA:16,1
LF:7
LH:7
BRDA:8,0,0,0
BRDA:8,1,0,0
BRF:2
BRH:0
end_of_record
TN:
SF:src\components\chat-add-user\tpl.ts
FNF:0
FNH:0
DA:1,1
DA:27,1
LF:2
LH:2
BRF:0
BRH:0
end_of_record
TN:
SF:src\components\chat-remove-user\index.ts
FN:8,(anonymous_0)
FN:12,(anonymous_1)
FNF:2
FNH:2
FNDA:1,(anonymous_0)
FNDA:1,(anonymous_1)
DA:1,1
DA:2,1
DA:3,1
DA:5,1
DA:9,1
DA:13,1
DA:17,1
LF:7
LH:7
BRDA:8,0,0,0
BRDA:8,1,0,0
BRF:2
BRH:0
end_of_record
TN:
SF:src\components\chat-remove-user\tpl.ts
FNF:0
FNH:0
DA:1,1
DA:14,1
LF:2
LH:2
BRF:0
BRH:0
end_of_record
TN:
SF:src\components\input_field\index.ts
FN:7,(anonymous_0)
FN:13,(anonymous_1)
FNF:2
FNH:2
FNDA:9,(anonymous_0)
FNDA:15,(anonymous_1)
DA:1,1
DA:2,1
DA:3,1
DA:6,1
DA:8,9
DA:9,9
DA:10,6
DA:14,15
LF:8
LH:8
BRDA:7,0,0,0
BRDA:7,1,0,0
BRDA:9,2,0,6
BRF:3
BRH:1
end_of_record
TN:
SF:src\components\input_field\tpl.ts
FNF:0
FNH:0
DA:1,1
DA:4,1
LF:2
LH:2
BRF:0
BRH:0
end_of_record
TN:
SF:src\components\messages-lent\index.ts
FN:8,(anonymous_0)
FN:11,(anonymous_1)
FNF:2
FNH:2
FNDA:1,(anonymous_0)
FNDA:1,(anonymous_1)
DA:1,1
DA:2,1
DA:3,1
DA:5,1
DA:9,1
DA:12,1
DA:16,1
LF:7
LH:7
BRDA:8,0,0,0
BRDA:8,1,0,0
BRF:2
BRH:0
end_of_record
TN:
SF:src\components\messages-lent\tpl.ts
FNF:0
FNH:0
DA:1,1
DA:16,1
LF:2
LH:2
BRF:0
BRH:0
end_of_record
TN:
SF:src\components\new-chat-btn\index.ts
FN:7,(anonymous_0)
FN:10,(anonymous_1)
FNF:2
FNH:2
FNDA:1,(anonymous_0)
FNDA:1,(anonymous_1)
DA:1,1
DA:2,1
DA:3,1
DA:6,1
DA:8,1
DA:11,1
LF:6
LH:6
BRDA:7,0,0,0
BRDA:7,1,0,0
BRF:2
BRH:0
end_of_record
TN:
SF:src\components\new-chat-btn\tpl.ts
FNF:0
FNH:0
DA:1,1
DA:5,1
LF:2
LH:2
BRF:0
BRH:0
end_of_record
TN:
SF:src\components\new-chat-menu\index.ts
FN:7,(anonymous_0)
FN:10,(anonymous_1)
FNF:2
FNH:2
FNDA:1,(anonymous_0)
FNDA:1,(anonymous_1)
DA:1,1
DA:2,1
DA:3,1
DA:6,1
DA:8,1
DA:11,1
LF:6
LH:6
BRDA:7,0,0,0
BRDA:7,1,0,0
BRF:2
BRH:0
end_of_record
TN:
SF:src\components\new-chat-menu\tpl.ts
FNF:0
FNH:0
DA:1,1
DA:6,1
LF:2
LH:2
BRF:0
BRH:0
end_of_record
TN:
SF:src\components\profile-settings-link\index.ts
FN:9,(anonymous_0)
FN:12,(anonymous_1)
FNF:2
FNH:2
FNDA:1,(anonymous_0)
FNDA:1,(anonymous_1)
DA:1,1
DA:2,1
DA:3,1
DA:5,1
DA:10,1
DA:13,1
DA:17,1
LF:7
LH:7
BRDA:9,0,0,0
BRDA:9,1,0,0
BRF:2
BRH:0
end_of_record
TN:
SF:src\components\profile-settings-link\tpl.ts
FNF:0
FNH:0
DA:1,1
DA:17,1
LF:2
LH:2
BRF:0
BRH:0
end_of_record
TN:
SF:src\components\sidebar-dialogues\index.ts
FN:8,(anonymous_0)
FN:11,(anonymous_1)
FNF:2
FNH:2
FNDA:1,(anonymous_0)
FNDA:1,(anonymous_1)
DA:1,1
DA:2,1
DA:3,1
DA:5,1
DA:9,1
DA:12,1
DA:15,1
LF:7
LH:7
BRDA:8,0,0,0
BRDA:8,1,0,0
BRF:2
BRH:0
end_of_record
TN:
SF:src\components\sidebar-dialogues\tpl.ts
FNF:0
FNH:0
DA:1,1
DA:25,1
LF:2
LH:2
BRF:0
BRH:0
end_of_record
TN:
SF:src\pages\chat\index.ts
FN:23,closeMenu
FN:34,(anonymous_1)
FN:44,(anonymous_2)
FN:48,(anonymous_3)
FN:72,(anonymous_4)
FN:98,(anonymous_5)
FN:112,(anonymous_6)
FN:128,(anonymous_7)
FN:142,(anonymous_8)
FN:150,(anonymous_9)
FN:164,(anonymous_10)
FN:179,(anonymous_11)
FN:182,(anonymous_12)
FN:188,createChatPage
FN:202,(anonymous_14)
FNF:15
FNH:0
FNDA:0,closeMenu
FNDA:0,(anonymous_1)
FNDA:0,(anonymous_2)
FNDA:0,(anonymous_3)
FNDA:0,(anonymous_4)
FNDA:0,(anonymous_5)
FNDA:0,(anonymous_6)
FNDA:0,(anonymous_7)
FNDA:0,(anonymous_8)
FNDA:0,(anonymous_9)
FNDA:0,(anonymous_10)
FNDA:0,(anonymous_11)
FNDA:0,(anonymous_12)
FNDA:0,createChatPage
FNDA:0,(anonymous_14)
DA:2,1
DA:3,1
DA:4,1
DA:5,1
DA:6,1
DA:7,1
DA:8,1
DA:9,1
DA:10,1
DA:11,1
DA:12,1
DA:13,1
DA:14,1
DA:15,1
DA:16,1
DA:17,1
DA:18,1
DA:19,1
DA:20,1
DA:21,1
DA:24,0
DA:26,0
DA:27,0
DA:31,1
DA:35,0
DA:40,1
DA:45,0
DA:46,0
DA:49,0
DA:51,0
DA:52,0
DA:53,0
DA:56,0
DA:57,0
DA:58,0
DA:59,0
DA:61,0
DA:62,0
DA:67,1
DA:69,1
DA:73,0
DA:75,0
DA:76,0
DA:77,0
DA:79,0
DA:80,0
DA:81,0
DA:82,0
DA:84,0
DA:85,0
DA:91,1
DA:93,1
DA:99,0
DA:100,0
DA:101,0
DA:103,0
DA:104,0
DA:110,1
DA:113,0
DA:114,0
DA:115,0
DA:117,0
DA:118,0
DA:120,0
DA:121,0
DA:122,0
DA:124,0
DA:125,0
DA:129,0
DA:130,0
DA:131,0
DA:132,0
DA:133,0
DA:134,0
DA:138,1
DA:140,1
DA:143,0
DA:144,0
DA:148,1
DA:151,0
DA:152,0
DA:153,0
DA:154,0
DA:158,1
DA:160,1
DA:165,0
DA:166,0
DA:167,0
DA:168,0
DA:169,0
DA:174,1
DA:180,0
DA:183,0
DA:186,1
DA:188,1
DA:189,0
DA:203,0
DA:204,0
DA:205,0
DA:206,0
DA:207,0
DA:208,0
LF:102
LH:35
BRDA:26,0,0,0
BRDA:51,1,0,0
BRDA:56,2,0,0
BRDA:58,3,0,0
BRDA:75,4,0,0
BRDA:79,5,0,0
BRDA:81,6,0,0
BRDA:99,7,0,0
BRDA:99,7,1,0
BRDA:114,8,0,0
BRDA:115,9,0,0
BRDA:115,9,1,0
BRDA:115,9,2,0
BRDA:130,10,0,0
BRDA:203,11,0,0
BRDA:205,12,0,0
BRDA:205,13,0,0
BRDA:205,13,1,0
BRF:18
BRH:0
end_of_record
TN:
SF:src\pages\chat\tpl.ts
FNF:0
FNH:0
DA:1,1
DA:39,1
LF:2
LH:2
BRF:0
BRH:0
end_of_record
TN:
SF:src\pages\login\index.ts
FN:22,(anonymous_0)
FN:28,(anonymous_1)
FN:33,(anonymous_2)
FN:36,(anonymous_3)
FN:44,(anonymous_4)
FN:47,(anonymous_5)
FN:52,createLoginPage
FN:58,(anonymous_7)
FNF:8
FNH:4
FNDA:0,(anonymous_0)
FNDA:2,(anonymous_1)
FNDA:0,(anonymous_2)
FNDA:0,(anonymous_3)
FNDA:1,(anonymous_4)
FNDA:4,(anonymous_5)
FNDA:1,createLoginPage
FNDA:0,(anonymous_7)
DA:1,1
DA:2,1
DA:3,1
DA:4,1
DA:5,1
DA:6,1
DA:8,1
DA:9,1
DA:10,1
DA:12,1
DA:17,1
DA:23,0
DA:28,1
DA:29,2
DA:34,0
DA:37,0
DA:45,1
DA:48,4
DA:52,1
DA:53,1
DA:59,0
DA:60,0
LF:22
LH:17
BRDA:44,0,0,0
BRDA:44,1,0,0
BRDA:59,2,0,0
BRF:3
BRH:0
end_of_record
TN:
SF:src\pages\login\renderData.ts
FNF:0
FNH:0
DA:1,1
LF:1
LH:1
BRF:0
BRH:0
end_of_record
TN:
SF:src\pages\login\tpl.ts
FNF:0
FNH:0
DA:1,1
DA:7,1
LF:2
LH:2
BRF:0
BRH:0
end_of_record
TN:
SF:src\pages\registration\index.ts
FN:23,(anonymous_0)
FN:30,(anonymous_1)
FN:35,(anonymous_2)
FN:38,(anonymous_3)
FN:46,(anonymous_4)
FN:49,(anonymous_5)
FN:54,createRegistrationPage
FN:60,(anonymous_7)
FNF:8
FNH:4
FNDA:0,(anonymous_0)
FNDA:7,(anonymous_1)
FNDA:0,(anonymous_2)
FNDA:0,(anonymous_3)
FNDA:4,(anonymous_4)
FNDA:1,(anonymous_5)
FNDA:1,createRegistrationPage
FNDA:0,(anonymous_7)
DA:1,1
DA:2,1
DA:3,1
DA:4,1
DA:5,1
DA:6,1
DA:8,1
DA:9,1
DA:10,1
DA:13,1
DA:18,1
DA:24,0
DA:30,1
DA:31,7
DA:36,0
DA:39,0
DA:47,4
DA:50,1
DA:54,1
DA:55,1
DA:61,0
DA:62,0
LF:22
LH:17
BRDA:49,0,0,0
BRDA:49,1,0,0
BRDA:61,2,0,0
BRF:3
BRH:0
end_of_record
TN:
SF:src\pages\registration\renderData.ts
FNF:0
FNH:0
DA:1,1
LF:1
LH:1
BRF:0
BRH:0
end_of_record
TN:
SF:src\pages\registration\tpl.ts
FNF:0
FNH:0
DA:1,1
DA:7,1
LF:2
LH:2
BRF:0
BRH:0
end_of_record
TN:
SF:src\services\block.ts
FN:23,(anonymous_0)
FN:38,(anonymous_1)
FN:46,(anonymous_2)
FN:51,(anonymous_3)
FN:56,(anonymous_4)
FN:65,(anonymous_5)
FN:69,(anonymous_6)
FN:71,(anonymous_7)
FN:82,(anonymous_8)
FN:84,(anonymous_9)
FN:96,(anonymous_10)
FN:100,(anonymous_11)
FN:112,(anonymous_12)
FN:117,(anonymous_13)
FN:128,(anonymous_14)
FN:132,(anonymous_15)
FN:153,(anonymous_16)
FN:156,(anonymous_17)
FN:162,(anonymous_18)
FN:166,(anonymous_19)
FN:173,(anonymous_20)
FN:180,(anonymous_21)
FN:184,(anonymous_22)
FN:192,(anonymous_23)
FN:202,(anonymous_24)
FN:206,(anonymous_25)
FN:210,(anonymous_26)
FN:220,(anonymous_27)
FN:224,(anonymous_28)
FN:228,(anonymous_29)
FNF:30
FNH:29
FNDA:26,(anonymous_0)
FNDA:26,(anonymous_1)
FNDA:26,(anonymous_2)
FNDA:83,(anonymous_3)
FNDA:49,(anonymous_4)
FNDA:0,(anonymous_5)
FNDA:49,(anonymous_6)
FNDA:55,(anonymous_7)
FNDA:49,(anonymous_8)
FNDA:55,(anonymous_9)
FNDA:29,(anonymous_10)
FNDA:75,(anonymous_11)
FNDA:49,(anonymous_12)
FNDA:26,(anonymous_13)
FNDA:26,(anonymous_14)
FNDA:36,(anonymous_15)
FNDA:30,(anonymous_16)
FNDA:6,(anonymous_17)
FNDA:30,(anonymous_18)
FNDA:4,(anonymous_19)
FNDA:38,(anonymous_20)
FNDA:19,(anonymous_21)
FNDA:38,(anonymous_22)
FNDA:3,(anonymous_23)
FNDA:52,(anonymous_24)
FNDA:344,(anonymous_25)
FNDA:38,(anonymous_26)
FNDA:60,(anonymous_27)
FNDA:7,(anonymous_28)
FNDA:12,(anonymous_29)
DA:1,2
DA:2,2
DA:3,2
DA:5,2
DA:7,2
DA:8,2
DA:25,26
DA:26,26
DA:28,26
DA:29,26
DA:30,26
DA:31,26
DA:32,26
DA:34,26
DA:35,26
DA:39,26
DA:40,26
DA:41,26
DA:42,26
DA:47,26
DA:48,26
DA:52,83
DA:53,83
DA:57,49
DA:58,49
DA:59,49
DA:60,49
DA:61,49
DA:62,49
DA:66,0
DA:70,49
DA:71,49
DA:74,55
DA:75,30
DA:76,30
DA:78,25
DA:83,49
DA:84,49
DA:85,55
DA:86,30
DA:87,30
DA:88,12
DA:91,25
DA:97,29
DA:99,29
DA:100,29
DA:102,75
DA:103,7
DA:106,68
DA:109,29
DA:113,49
DA:114,49
DA:117,49
DA:118,26
DA:119,8
DA:121,18
DA:125,49
DA:126,49
DA:128,49
DA:129,26
DA:130,8
DA:131,8
DA:132,8
DA:133,36
DA:136,0
DA:139,8
DA:140,8
DA:141,8
DA:144,18
DA:145,18
DA:146,18
DA:150,49
DA:154,30
DA:155,30
DA:156,30
DA:157,6
DA:158,4
DA:163,30
DA:167,4
DA:168,4
DA:169,0
DA:174,38
DA:175,38
DA:176,19
DA:177,19
DA:181,19
DA:185,38
DA:186,19
DA:188,19
DA:193,3
DA:194,3
DA:195,1
DA:197,3
DA:198,2
DA:204,52
DA:205,52
DA:207,344
DA:208,344
DA:211,38
DA:212,38
DA:213,38
DA:214,38
DA:217,52
DA:221,60
DA:225,7
DA:229,12
LF:106
LH:103
BRDA:23,0,0,0
BRDA:23,1,0,0
BRDA:23,2,0,0
BRDA:47,3,0,0
BRDA:47,3,1,26
BRDA:47,4,0,26
BRDA:47,4,1,26
BRDA:70,5,0,11
BRDA:74,6,0,30
BRDA:74,6,1,25
BRDA:74,7,0,55
BRDA:74,7,1,40
BRDA:83,8,0,11
BRDA:85,9,0,30
BRDA:85,9,1,25
BRDA:85,10,0,55
BRDA:85,10,1,40
BRDA:87,11,0,12
BRDA:102,12,0,7
BRDA:102,12,1,68
BRDA:102,13,0,75
BRDA:102,13,1,70
BRDA:102,13,2,2
BRDA:113,14,0,49
BRDA:118,15,0,8
BRDA:118,15,1,18
BRDA:129,16,0,8
BRDA:129,16,1,18
BRDA:140,17,0,8
BRDA:145,18,0,18
BRDA:157,19,0,4
BRDA:168,20,0,0
BRDA:175,21,0,19
BRDA:185,22,0,19
BRDA:194,23,0,1
BRDA:197,24,0,2
BRDA:208,25,0,0
BRDA:208,25,1,344
BRF:38
BRH:32
end_of_record
TN:
SF:src\services\consts.ts
FNF:0
FNH:0
DA:1,1
DA:2,1
DA:3,1
LF:3
LH:3
BRF:0
BRH:0
end_of_record
TN:
SF:src\services\eventbus.ts
FN:6,(anonymous_0)
FN:10,(anonymous_1)
FN:17,(anonymous_2)
FN:22,(anonymous_3)
FN:26,(anonymous_4)
FN:31,(anonymous_5)
FNF:6
FNH:4
FNDA:27,(anonymous_0)
FNDA:110,(anonymous_1)
FNDA:0,(anonymous_2)
FNDA:0,(anonymous_3)
FNDA:143,(anonymous_4)
FNDA:143,(anonymous_5)
DA:4,2
DA:7,27
DA:11,110
DA:12,105
DA:14,110
DA:18,0
DA:19,0
DA:21,0
DA:22,0
DA:27,143
DA:28,0
DA:31,143
DA:32,143
LF:13
LH:8
BRDA:11,0,0,105
BRDA:18,1,0,0
BRDA:27,2,0,0
BRF:3
BRH:1
end_of_record
TN:
SF:src\services\formvalidator.ts
FN:2,(anonymous_0)
FN:25,(anonymous_1)
FN:51,(anonymous_2)
FN:55,(anonymous_3)
FN:61,(anonymous_4)
FN:66,(anonymous_5)
FN:70,(anonymous_6)
FNF:7
FNH:1
FNDA:1,(anonymous_0)
FNDA:0,(anonymous_1)
FNDA:0,(anonymous_2)
FNDA:0,(anonymous_3)
FNDA:0,(anonymous_4)
FNDA:0,(anonymous_5)
FNDA:0,(anonymous_6)
DA:4,1
DA:13,1
DA:26,0
DA:27,0
DA:28,0
DA:29,0
DA:32,0
DA:35,0
DA:36,0
DA:38,0
DA:39,0
DA:42,0
DA:43,0
DA:44,0
DA:46,0
DA:47,0
DA:52,0
DA:56,0
DA:58,0
DA:62,0
DA:63,0
DA:65,0
DA:66,0
DA:68,0
DA:70,0
DA:71,0
DA:72,0
DA:75,0
DA:79,1
DA:80,1
LF:30
LH:4
BRDA:27,0,0,0
BRDA:32,1,0,0
BRDA:32,1,1,0
BRDA:38,2,0,0
BRDA:38,2,1,0
BRDA:42,3,0,0
BRDA:42,3,1,0
BRDA:46,4,0,0
BRDA:46,4,1,0
BRDA:56,5,0,0
BRDA:56,5,1,0
BRDA:71,6,0,0
BRF:12
BRH:0
end_of_record
TN:
SF:src\services\htttp-transport.ts
FN:11,(anonymous_0)
FN:13,(anonymous_1)
FN:23,(anonymous_2)
FN:31,(anonymous_3)
FN:39,(anonymous_4)
FN:47,(anonymous_5)
FN:54,(anonymous_6)
FN:70,(anonymous_7)
FNF:8
FNH:8
FNDA:4,(anonymous_0)
FNDA:1,(anonymous_1)
FNDA:1,(anonymous_2)
FNDA:1,(anonymous_3)
FNDA:1,(anonymous_4)
FNDA:4,(anonymous_5)
FNDA:4,(anonymous_6)
FNDA:4,(anonymous_7)
DA:1,2
DA:11,2
DA:13,4
DA:14,1
DA:15,1
DA:16,1
DA:23,4
DA:24,1
DA:31,4
DA:32,1
DA:39,4
DA:40,1
DA:47,4
DA:53,4
DA:54,4
DA:55,4
DA:56,0
DA:57,0
DA:60,4
DA:61,4
DA:63,4
DA:65,4
DA:66,0
DA:68,4
DA:70,4
DA:71,4
DA:72,3
DA:74,1
DA:77,4
DA:78,4
DA:79,4
DA:80,4
DA:82,4
DA:83,2
DA:84,2
DA:85,0
DA:87,2
LF:37
LH:33
BRDA:13,0,0,1
BRDA:15,1,0,0
BRDA:15,1,1,1
BRDA:23,2,0,0
BRDA:31,3,0,0
BRDA:39,4,0,1
BRDA:49,5,0,0
BRDA:50,6,0,4
BRDA:55,7,0,0
BRDA:71,8,0,3
BRDA:71,8,1,1
BRDA:71,9,0,4
BRDA:71,9,1,4
BRDA:82,10,0,2
BRDA:82,10,1,2
BRDA:82,11,0,4
BRDA:82,11,1,3
BRDA:84,12,0,0
BRDA:84,12,1,2
BRF:19
BRH:13
end_of_record
TN:
SF:src\services\api\auth-api.ts
FN:12,(anonymous_0)
FN:19,(anonymous_1)
FN:29,(anonymous_2)
FN:39,(anonymous_3)
FN:48,(anonymous_4)
FNF:5
FNH:1
FNDA:1,(anonymous_0)
FNDA:0,(anonymous_1)
FNDA:0,(anonymous_2)
FNDA:0,(anonymous_3)
FNDA:0,(anonymous_4)
DA:1,1
DA:3,1
DA:13,1
DA:14,1
DA:15,1
DA:16,1
DA:20,0
DA:30,0
DA:40,0
DA:49,0
DA:58,1
LF:11
LH:7
BRF:0
BRH:0
end_of_record
TN:
SF:src\services\api\chats-api.ts
FN:11,(anonymous_0)
FN:18,(anonymous_1)
FN:28,(anonymous_2)
FN:37,(anonymous_3)
FN:47,(anonymous_4)
FN:57,(anonymous_5)
FN:69,(anonymous_6)
FN:78,(anonymous_7)
FN:87,(anonymous_8)
FNF:9
FNH:1
FNDA:1,(anonymous_0)
FNDA:0,(anonymous_1)
FNDA:0,(anonymous_2)
FNDA:0,(anonymous_3)
FNDA:0,(anonymous_4)
FNDA:0,(anonymous_5)
FNDA:0,(anonymous_6)
FNDA:0,(anonymous_7)
FNDA:0,(anonymous_8)
DA:1,1
DA:3,1
DA:12,1
DA:13,1
DA:14,1
DA:15,1
DA:19,0
DA:29,0
DA:38,0
DA:48,0
DA:58,0
DA:70,0
DA:79,0
DA:88,0
DA:94,1
LF:15
LH:7
BRF:0
BRH:0
end_of_record
TN:
SF:src\services\api\user-api.ts
FN:11,(anonymous_0)
FN:18,(anonymous_1)
FN:28,(anonymous_2)
FN:38,(anonymous_3)
FN:44,(anonymous_4)
FNF:5
FNH:1
FNDA:1,(anonymous_0)
FNDA:0,(anonymous_1)
FNDA:0,(anonymous_2)
FNDA:0,(anonymous_3)
FNDA:0,(anonymous_4)
DA:2,1
DA:3,1
DA:12,1
DA:13,1
DA:14,1
DA:15,1
DA:19,0
DA:29,0
DA:39,0
DA:45,0
DA:55,1
LF:11
LH:7
BRF:0
BRH:0
end_of_record
TN:
SF:src\services\api\websocket.ts
FN:8,(anonymous_0)
FN:22,(anonymous_1)
FN:26,(anonymous_2)
FNF:3
FNH:0
FNDA:0,(anonymous_0)
FNDA:0,(anonymous_1)
FNDA:0,(anonymous_2)
DA:3,1
DA:9,0
DA:10,0
DA:11,0
DA:12,0
DA:16,0
DA:17,0
DA:18,0
DA:19,0
DA:23,0
DA:27,0
LF:11
LH:1
BRF:0
BRH:0
end_of_record
TN:
SF:src\services\controllers\auth-controller.ts
FN:10,(anonymous_0)
FN:14,(anonymous_1)
FN:40,(anonymous_2)
FN:60,(anonymous_3)
FN:70,(anonymous_4)
FNF:5
FNH:1
FNDA:1,(anonymous_0)
FNDA:0,(anonymous_1)
FNDA:0,(anonymous_2)
FNDA:0,(anonymous_3)
FNDA:0,(anonymous_4)
DA:1,1
DA:3,1
DA:4,1
DA:5,1
DA:6,1
DA:11,1
DA:15,0
DA:16,0
DA:17,0
DA:19,0
DA:20,0
DA:21,0
DA:23,0
DA:24,0
DA:25,0
DA:28,0
DA:29,0
DA:30,0
DA:31,0
DA:32,0
DA:35,0
DA:41,0
DA:42,0
DA:43,0
DA:44,0
DA:45,0
DA:47,0
DA:48,0
DA:49,0
DA:50,0
DA:51,0
DA:52,0
DA:54,0
DA:61,0
DA:62,0
DA:63,0
DA:64,0
DA:66,0
DA:71,0
DA:72,0
DA:73,0
DA:74,0
DA:76,0
DA:80,1
LF:44
LH:7
BRDA:23,0,0,0
BRDA:29,1,0,0
BRDA:47,2,0,0
BRDA:51,3,0,0
BRF:4
BRH:0
end_of_record
TN:
SF:src\services\controllers\chats-controller.ts
FN:10,(anonymous_0)
FN:14,(anonymous_1)
FN:25,(anonymous_2)
FN:34,(anonymous_3)
FN:45,(anonymous_4)
FN:64,(anonymous_5)
FN:75,(anonymous_6)
FN:90,(anonymous_7)
FN:115,(anonymous_8)
FNF:9
FNH:1
FNDA:1,(anonymous_0)
FNDA:0,(anonymous_1)
FNDA:0,(anonymous_2)
FNDA:0,(anonymous_3)
FNDA:0,(anonymous_4)
FNDA:0,(anonymous_5)
FNDA:0,(anonymous_6)
FNDA:0,(anonymous_7)
FNDA:0,(anonymous_8)
DA:1,1
DA:2,1
DA:4,1
DA:5,1
DA:6,1
DA:11,1
DA:15,0
DA:16,0
DA:17,0
DA:18,0
DA:21,0
DA:26,0
DA:27,0
DA:28,0
DA:29,0
DA:31,0
DA:35,0
DA:39,0
DA:40,0
DA:42,0
DA:46,0
DA:50,0
DA:51,0
DA:53,0
DA:54,0
DA:55,0
DA:56,0
DA:57,0
DA:60,0
DA:65,0
DA:66,0
DA:67,0
DA:68,0
DA:69,0
DA:71,0
DA:76,0
DA:79,0
DA:80,0
DA:81,0
DA:82,0
DA:83,0
DA:84,0
DA:86,0
DA:91,0
DA:92,0
DA:93,0
DA:94,0
DA:95,0
DA:100,0
DA:103,0
DA:104,0
DA:105,0
DA:106,0
DA:107,0
DA:108,0
DA:111,0
DA:116,0
DA:117,0
DA:118,0
DA:119,0
DA:120,0
DA:122,0
DA:123,0
DA:124,0
DA:125,0
DA:126,0
DA:128,0
DA:133,1
LF:68
LH:7
BRDA:53,0,0,0
BRDA:92,1,0,0
BRDA:92,2,0,0
BRDA:92,2,1,0
BRF:4
BRH:0
end_of_record
TN:
SF:src\services\controllers\messages-controller.ts
FN:12,(anonymous_0)
FN:26,(anonymous_1)
FN:30,(anonymous_2)
FN:39,(anonymous_3)
FN:48,(anonymous_4)
FN:57,(anonymous_5)
FN:63,(anonymous_6)
FN:69,(anonymous_7)
FN:78,(anonymous_8)
FN:96,(anonymous_9)
FN:115,(anonymous_10)
FN:119,(anonymous_11)
FN:120,(anonymous_12)
FNF:13
FNH:0
FNDA:0,(anonymous_0)
FNDA:0,(anonymous_1)
FNDA:0,(anonymous_2)
FNDA:0,(anonymous_3)
FNDA:0,(anonymous_4)
FNDA:0,(anonymous_5)
FNDA:0,(anonymous_6)
FNDA:0,(anonymous_7)
FNDA:0,(anonymous_8)
FNDA:0,(anonymous_9)
FNDA:0,(anonymous_10)
FNDA:0,(anonymous_11)
FNDA:0,(anonymous_12)
DA:1,1
DA:3,1
DA:4,1
DA:5,1
DA:6,1
DA:13,0
DA:14,0
DA:16,0
DA:27,0
DA:31,0
DA:40,0
DA:49,0
DA:58,0
DA:59,0
DA:60,0
DA:64,0
DA:65,0
DA:66,0
DA:70,0
DA:71,0
DA:73,0
DA:74,0
DA:79,0
DA:80,0
DA:81,0
DA:82,0
DA:84,0
DA:85,0
DA:86,0
DA:90,0
DA:93,0
DA:94,0
DA:95,0
DA:96,0
DA:97,0
DA:99,0
DA:103,0
DA:107,0
DA:109,0
DA:111,0
DA:116,0
DA:120,0
DA:121,0
DA:125,1
LF:44
LH:6
BRDA:13,0,0,0
BRDA:39,1,0,0
BRDA:70,2,0,0
BRDA:70,2,1,0
BRDA:81,3,0,0
BRDA:81,4,0,0
BRDA:81,4,1,0
BRDA:85,5,0,0
BRDA:93,6,0,0
BRDA:93,6,1,0
BRDA:95,7,0,0
BRF:11
BRH:0
end_of_record
TN:
SF:src\services\controllers\user-controller.ts
FN:8,(anonymous_0)
FN:12,(anonymous_1)
FN:24,(anonymous_2)
FN:34,(anonymous_3)
FN:43,(anonymous_4)
FNF:5
FNH:1
FNDA:1,(anonymous_0)
FNDA:0,(anonymous_1)
FNDA:0,(anonymous_2)
FNDA:0,(anonymous_3)
FNDA:0,(anonymous_4)
DA:1,1
DA:2,1
DA:4,1
DA:9,1
DA:13,0
DA:14,0
DA:15,0
DA:16,0
DA:17,0
DA:19,0
DA:25,0
DA:26,0
DA:27,0
DA:28,0
DA:30,0
DA:35,0
DA:36,0
DA:37,0
DA:38,0
DA:40,0
DA:44,0
DA:45,0
DA:46,0
DA:47,0
DA:48,0
DA:50,0
DA:55,1
LF:27
LH:5
BRF:0
BRH:0
end_of_record
TN:
SF:src\services\routing\route.ts
FN:9,(anonymous_0)
FN:16,(anonymous_1)
FN:22,(anonymous_2)
FN:26,(anonymous_3)
FNF:4
FNH:4
FNDA:12,(anonymous_0)
FNDA:8,(anonymous_1)
FNDA:20,(anonymous_2)
FNDA:9,(anonymous_3)
DA:3,1
DA:10,12
DA:11,12
DA:12,12
DA:13,12
DA:17,8
DA:18,8
DA:23,20
DA:27,9
DA:28,2
DA:29,2
DA:30,2
DA:31,2
DA:33,7
LF:14
LH:14
BRDA:9,0,0,0
BRDA:17,1,0,8
BRDA:27,2,0,2
BRF:3
BRH:2
end_of_record
TN:
SF:src\services\routing\router.ts
FN:11,(anonymous_0)
FN:18,(anonymous_1)
FN:24,(anonymous_2)
FN:25,(anonymous_3)
FN:32,(anonymous_4)
FN:44,(anonymous_5)
FN:49,(anonymous_6)
FN:53,(anonymous_7)
FN:57,(anonymous_8)
FN:68,(anonymous_9)
FN:71,(anonymous_10)
FNF:11
FNH:9
FNDA:1,(anonymous_0)
FNDA:12,(anonymous_1)
FNDA:4,(anonymous_2)
FNDA:0,(anonymous_3)
FNDA:14,(anonymous_4)
FNDA:10,(anonymous_5)
FNDA:2,(anonymous_6)
FNDA:1,(anonymous_7)
FNDA:14,(anonymous_8)
FNDA:20,(anonymous_9)
FNDA:0,(anonymous_10)
DA:2,1
DA:3,1
DA:12,1
DA:13,1
DA:14,1
DA:15,1
DA:19,12
DA:20,12
DA:21,12
DA:25,4
DA:26,0
DA:29,4
DA:33,14
DA:34,14
DA:35,5
DA:37,9
DA:38,8
DA:40,9
DA:41,9
DA:45,10
DA:46,10
DA:50,2
DA:54,1
DA:58,14
DA:60,14
DA:61,1
DA:62,1
DA:64,13
DA:65,0
DA:66,0
DA:68,20
DA:71,13
DA:74,1
LF:33
LH:30
BRDA:11,0,0,1
BRDA:34,1,0,5
BRDA:34,2,0,14
BRDA:34,2,1,13
BRDA:37,3,0,8
BRDA:60,4,0,1
BRDA:60,4,1,13
BRDA:60,5,0,14
BRDA:60,5,1,1
BRDA:60,6,0,14
BRDA:60,6,1,8
BRDA:64,7,0,0
BRDA:64,8,0,13
BRDA:64,8,1,7
BRDA:64,8,2,13
BRDA:71,9,0,13
BRDA:71,9,1,0
BRF:17
BRH:15
end_of_record
TN:
SF:src\services\store\connect.ts
FN:8,connect
FN:9,(anonymous_1)
FN:11,(anonymous_2)
FN:14,(anonymous_3)
FN:26,(anonymous_4)
FN:38,(anonymous_5)
FN:53,(anonymous_6)
FN:69,(anonymous_7)
FN:75,(anonymous_8)
FN:81,(anonymous_9)
FN:87,(anonymous_10)
FNF:11
FNH:7
FNDA:7,connect
FNDA:6,(anonymous_1)
FNDA:5,(anonymous_2)
FNDA:0,(anonymous_3)
FNDA:1,(anonymous_4)
FNDA:0,(anonymous_5)
FNDA:0,(anonymous_6)
FNDA:1,(anonymous_7)
FNDA:2,(anonymous_8)
FNDA:0,(anonymous_9)
FNDA:1,(anonymous_10)
DA:1,1
DA:5,1
DA:6,1
DA:9,7
DA:10,6
DA:12,5
DA:13,5
DA:14,5
DA:15,0
DA:16,0
DA:17,0
DA:19,0
DA:26,1
DA:27,1
DA:28,0
DA:32,1
DA:38,1
DA:39,0
DA:40,0
DA:45,0
DA:53,1
DA:54,0
DA:55,0
DA:56,0
DA:57,0
DA:58,0
DA:63,0
DA:69,1
DA:70,1
DA:75,1
DA:76,2
DA:81,1
DA:82,0
DA:87,1
DA:88,1
LF:35
LH:20
BRDA:16,0,0,0
BRDA:27,1,0,0
BRDA:27,1,1,1
BRDA:27,2,0,1
BRDA:27,2,1,0
BRDA:39,3,0,0
BRDA:39,3,1,0
BRDA:54,4,0,0
BRDA:54,4,1,0
BRF:9
BRH:2
end_of_record
TN:
SF:src\services\store\index.ts
FN:5,(anonymous_0)
FN:14,(anonymous_1)
FN:26,(anonymous_2)
FN:30,(anonymous_3)
FN:33,(anonymous_4)
FN:37,(anonymous_5)
FNF:6
FNH:3
FNDA:1,(anonymous_0)
FNDA:1,(anonymous_1)
FNDA:0,(anonymous_2)
FNDA:19,(anonymous_3)
FNDA:0,(anonymous_4)
FNDA:0,(anonymous_5)
DA:1,1
DA:3,1
DA:5,1
DA:6,1
DA:11,1
DA:12,1
DA:15,1
DA:16,1
DA:17,1
DA:18,1
DA:19,1
DA:21,0
DA:24,1
DA:26,0
DA:31,19
DA:34,0
DA:35,0
DA:38,0
DA:39,0
DA:44,1
LF:20
LH:14
BRDA:5,0,0,1
BRDA:5,0,1,1
BRDA:16,1,0,1
BRDA:19,2,0,0
BRDA:19,2,1,1
BRDA:19,3,0,0
BRDA:19,3,1,0
BRDA:19,4,0,0
BRDA:19,4,1,0
BRF:9
BRH:4
end_of_record
TN:
SF:src\utils\get-form-data.ts
FN:5,getFormData
FN:8,(anonymous_1)
FN:11,(anonymous_2)
FNF:3
FNH:0
FNDA:0,getFormData
FNDA:0,(anonymous_1)
FNDA:0,(anonymous_2)
DA:5,1
DA:6,0
DA:7,0
DA:8,0
DA:9,0
DA:10,0
DA:11,0
DA:12,0
DA:13,0
DA:16,0
LF:10
LH:1
BRDA:12,0,0,0
BRF:1
BRH:0
end_of_record
TN:
SF:src\utils\is-equal.ts
FN:3,isEqual
FN:9,(anonymous_1)
FNF:2
FNH:1
FNDA:38,isEqual
FNDA:0,(anonymous_1)
DA:5,38
DA:11,0
DA:16,2
LF:3
LH:2
BRDA:5,0,0,0
BRDA:5,0,1,38
BRDA:5,1,0,38
BRDA:5,1,1,20
BRDA:5,1,2,20
BRDA:5,1,3,0
BRDA:7,2,0,0
BRDA:7,2,1,0
BRDA:11,3,0,0
BRDA:11,3,1,0
BRF:10
BRH:4
end_of_record
TN:
SF:src\utils\parse-chats-data.ts
FN:8,parseChats
FN:9,(anonymous_1)
FNF:2
FNH:0
FNDA:0,parseChats
FNDA:0,(anonymous_1)
DA:1,1
DA:8,1
DA:9,0
DA:10,0
DA:11,0
DA:13,0
LF:6
LH:2
BRDA:10,0,0,0
BRF:1
BRH:0
end_of_record
TN:
SF:src\utils\parse-messages-data.ts
FN:4,parseMessages
FN:9,(anonymous_1)
FNF:2
FNH:0
FNDA:0,parseMessages
FNDA:0,(anonymous_1)
DA:2,1
DA:4,1
DA:8,0
DA:9,0
DA:10,0
DA:11,0
DA:14,0
DA:15,0
LF:8
LH:2
BRDA:8,0,0,0
BRDA:8,0,1,0
BRF:2
BRH:0
end_of_record
TN:
SF:src\utils\parseDate.ts
FN:1,parseDate
FNF:1
FNH:0
FNDA:0,parseDate
DA:1,1
DA:2,0
DA:3,0
DA:4,0
DA:5,0
DA:6,0
DA:7,0
DA:9,0
DA:10,0
DA:11,0
DA:12,0
DA:14,0
DA:16,0
LF:13
LH:1
BRDA:14,0,0,0
BRDA:14,0,1,0
BRDA:14,0,2,0
BRDA:16,1,0,0
BRDA:16,1,1,0
BRF:5
BRH:0
end_of_record
TN:
SF:src\utils\query-string.ts
FN:5,isPlainObject
FN:12,isArray
FN:16,isArrayOrObject
FN:20,getKey
FN:24,getParams
FN:38,queryStringify
FN:43,(anonymous_6)
FNF:7
FNH:0
FNDA:0,isPlainObject
FNDA:0,isArray
FNDA:0,isArrayOrObject
FNDA:0,getKey
FNDA:0,getParams
FNDA:0,queryStringify
FNDA:0,(anonymous_6)
DA:6,0
DA:13,0
DA:17,0
DA:21,0
DA:25,0
DA:27,0
DA:28,0
DA:29,0
DA:31,0
DA:35,0
DA:38,2
DA:39,0
DA:40,0
DA:43,0
LF:14
LH:1
BRDA:6,0,0,0
BRDA:6,0,1,0
BRDA:6,0,2,0
BRDA:6,0,3,0
BRDA:17,1,0,0
BRDA:17,1,1,0
BRDA:21,2,0,0
BRDA:21,2,1,0
BRDA:28,3,0,0
BRDA:28,3,1,0
BRDA:39,4,0,0
BRF:11
BRH:0
end_of_record
TN:
SF:src\utils\set.ts
FN:3,set
FN:9,buildObjWithValue
FN:11,(anonymous_2)
FN:18,merge
FNF:4
FNH:0
FNDA:0,set
FNDA:0,buildObjWithValue
FNDA:0,(anonymous_2)
FNDA:0,merge
DA:5,0
DA:6,0
DA:10,0
DA:11,0
DA:19,0
DA:21,0
DA:22,0
DA:24,0
DA:25,0
DA:26,0
DA:28,0
DA:31,0
DA:34,0
DA:36,0
DA:37,0
DA:40,1
LF:16
LH:1
BRDA:5,0,0,0
BRDA:5,1,0,0
BRDA:5,1,1,0
BRDA:5,1,2,0
BRDA:9,2,0,0
BRDA:12,3,0,0
BRDA:12,3,1,0
BRDA:21,4,0,0
BRDA:25,5,0,0
BRDA:25,5,1,0
BRF:10
BRH:0
end_of_record
